mode: set
github.com/zephrfish/sandboxspy/pkg/security/ratelimit.go:27.68,40.2 3 1
github.com/zephrfish/sandboxspy/pkg/security/ratelimit.go:43.92,56.2 3 1
github.com/zephrfish/sandboxspy/pkg/security/ratelimit.go:59.47,64.13 4 1
github.com/zephrfish/sandboxspy/pkg/security/ratelimit.go:64.13,72.3 4 1
github.com/zephrfish/sandboxspy/pkg/security/ratelimit.go:74.2,80.41 4 1
github.com/zephrfish/sandboxspy/pkg/security/ratelimit.go:80.41,83.3 2 1
github.com/zephrfish/sandboxspy/pkg/security/ratelimit.go:86.2,86.18 1 1
github.com/zephrfish/sandboxspy/pkg/security/ratelimit.go:86.18,89.3 2 1
github.com/zephrfish/sandboxspy/pkg/security/ratelimit.go:91.2,91.14 1 1
github.com/zephrfish/sandboxspy/pkg/security/ratelimit.go:95.55,96.12 1 1
github.com/zephrfish/sandboxspy/pkg/security/ratelimit.go:96.12,98.3 1 1
github.com/zephrfish/sandboxspy/pkg/security/ratelimit.go:100.2,100.22 1 1
github.com/zephrfish/sandboxspy/pkg/security/ratelimit.go:100.22,102.3 1 0
github.com/zephrfish/sandboxspy/pkg/security/ratelimit.go:104.2,108.13 4 1
github.com/zephrfish/sandboxspy/pkg/security/ratelimit.go:108.13,116.3 4 1
github.com/zephrfish/sandboxspy/pkg/security/ratelimit.go:118.2,124.41 4 1
github.com/zephrfish/sandboxspy/pkg/security/ratelimit.go:124.41,127.3 2 0
github.com/zephrfish/sandboxspy/pkg/security/ratelimit.go:130.2,130.19 1 1
github.com/zephrfish/sandboxspy/pkg/security/ratelimit.go:130.19,133.3 2 1
github.com/zephrfish/sandboxspy/pkg/security/ratelimit.go:135.2,135.14 1 1
github.com/zephrfish/sandboxspy/pkg/security/ratelimit.go:139.52,144.13 4 1
github.com/zephrfish/sandboxspy/pkg/security/ratelimit.go:144.13,152.3 4 1
github.com/zephrfish/sandboxspy/pkg/security/ratelimit.go:154.2,162.21 6 1
github.com/zephrfish/sandboxspy/pkg/security/ratelimit.go:162.21,164.30 2 0
github.com/zephrfish/sandboxspy/pkg/security/ratelimit.go:164.30,166.4 1 0
github.com/zephrfish/sandboxspy/pkg/security/ratelimit.go:167.3,167.20 1 0
github.com/zephrfish/sandboxspy/pkg/security/ratelimit.go:171.2,171.18 1 1
github.com/zephrfish/sandboxspy/pkg/security/ratelimit.go:171.18,174.3 2 1
github.com/zephrfish/sandboxspy/pkg/security/ratelimit.go:176.2,176.14 1 1
github.com/zephrfish/sandboxspy/pkg/security/ratelimit.go:180.42,185.2 3 1
github.com/zephrfish/sandboxspy/pkg/security/ratelimit.go:188.35,193.2 3 1
github.com/zephrfish/sandboxspy/pkg/security/ratelimit.go:196.53,201.13 4 1
github.com/zephrfish/sandboxspy/pkg/security/ratelimit.go:201.13,203.3 1 1
github.com/zephrfish/sandboxspy/pkg/security/ratelimit.go:205.2,211.41 4 1
github.com/zephrfish/sandboxspy/pkg/security/ratelimit.go:211.41,214.3 2 0
github.com/zephrfish/sandboxspy/pkg/security/ratelimit.go:216.2,216.17 1 1
github.com/zephrfish/sandboxspy/pkg/security/ratelimit.go:220.59,225.13 4 1
github.com/zephrfish/sandboxspy/pkg/security/ratelimit.go:225.13,227.3 1 1
github.com/zephrfish/sandboxspy/pkg/security/ratelimit.go:229.2,232.37 3 0
github.com/zephrfish/sandboxspy/pkg/security/ratelimit.go:236.38,240.21 3 1
github.com/zephrfish/sandboxspy/pkg/security/ratelimit.go:240.21,242.3 1 0
github.com/zephrfish/sandboxspy/pkg/security/ratelimit.go:246.41,253.32 5 0
github.com/zephrfish/sandboxspy/pkg/security/ratelimit.go:253.32,255.36 2 0
github.com/zephrfish/sandboxspy/pkg/security/ratelimit.go:255.36,257.4 1 0
github.com/zephrfish/sandboxspy/pkg/security/ratelimit.go:258.3,258.16 1 0
github.com/zephrfish/sandboxspy/pkg/security/ratelimit.go:269.52,273.2 1 1
github.com/zephrfish/sandboxspy/pkg/security/ratelimit.go:276.92,281.2 3 1
github.com/zephrfish/sandboxspy/pkg/security/ratelimit.go:284.112,289.2 3 1
github.com/zephrfish/sandboxspy/pkg/security/ratelimit.go:292.80,297.13 4 1
github.com/zephrfish/sandboxspy/pkg/security/ratelimit.go:297.13,299.3 1 1
github.com/zephrfish/sandboxspy/pkg/security/ratelimit.go:301.2,301.21 1 1
github.com/zephrfish/sandboxspy/pkg/security/ratelimit.go:305.72,307.16 2 1
github.com/zephrfish/sandboxspy/pkg/security/ratelimit.go:307.16,309.3 1 1
github.com/zephrfish/sandboxspy/pkg/security/ratelimit.go:311.2,311.32 1 1
github.com/zephrfish/sandboxspy/pkg/security/validator.go:26.32,36.2 1 1
github.com/zephrfish/sandboxspy/pkg/security/validator.go:39.61,40.20 1 1
github.com/zephrfish/sandboxspy/pkg/security/validator.go:40.20,42.3 1 1
github.com/zephrfish/sandboxspy/pkg/security/validator.go:44.2,44.41 1 1
github.com/zephrfish/sandboxspy/pkg/security/validator.go:44.41,46.3 1 1
github.com/zephrfish/sandboxspy/pkg/security/validator.go:49.2,50.42 2 1
github.com/zephrfish/sandboxspy/pkg/security/validator.go:50.42,52.3 1 1
github.com/zephrfish/sandboxspy/pkg/security/validator.go:55.2,55.47 1 1
github.com/zephrfish/sandboxspy/pkg/security/validator.go:55.47,57.3 1 0
github.com/zephrfish/sandboxspy/pkg/security/validator.go:59.2,59.12 1 1
github.com/zephrfish/sandboxspy/pkg/security/validator.go:63.61,64.20 1 1
github.com/zephrfish/sandboxspy/pkg/security/validator.go:64.20,66.3 1 1
github.com/zephrfish/sandboxspy/pkg/security/validator.go:68.2,68.41 1 1
github.com/zephrfish/sandboxspy/pkg/security/validator.go:68.41,70.3 1 1
github.com/zephrfish/sandboxspy/pkg/security/validator.go:73.2,74.42 2 1
github.com/zephrfish/sandboxspy/pkg/security/validator.go:74.42,76.3 1 1
github.com/zephrfish/sandboxspy/pkg/security/validator.go:79.2,79.47 1 1
github.com/zephrfish/sandboxspy/pkg/security/validator.go:79.47,81.3 1 0
github.com/zephrfish/sandboxspy/pkg/security/validator.go:83.2,83.12 1 1
github.com/zephrfish/sandboxspy/pkg/security/validator.go:87.56,88.14 1 1
github.com/zephrfish/sandboxspy/pkg/security/validator.go:88.14,90.3 1 1
github.com/zephrfish/sandboxspy/pkg/security/validator.go:92.2,93.21 2 1
github.com/zephrfish/sandboxspy/pkg/security/validator.go:93.21,95.3 1 1
github.com/zephrfish/sandboxspy/pkg/security/validator.go:98.2,98.49 1 1
github.com/zephrfish/sandboxspy/pkg/security/validator.go:98.49,99.38 1 0
github.com/zephrfish/sandboxspy/pkg/security/validator.go:99.38,101.4 1 0
github.com/zephrfish/sandboxspy/pkg/security/validator.go:105.2,105.32 1 1
github.com/zephrfish/sandboxspy/pkg/security/validator.go:105.32,107.50 2 0
github.com/zephrfish/sandboxspy/pkg/security/validator.go:107.50,108.39 1 0
github.com/zephrfish/sandboxspy/pkg/security/validator.go:108.39,110.10 2 0
github.com/zephrfish/sandboxspy/pkg/security/validator.go:113.3,113.15 1 0
github.com/zephrfish/sandboxspy/pkg/security/validator.go:113.15,115.4 1 0
github.com/zephrfish/sandboxspy/pkg/security/validator.go:118.2,118.12 1 1
github.com/zephrfish/sandboxspy/pkg/security/validator.go:122.58,123.15 1 1
github.com/zephrfish/sandboxspy/pkg/security/validator.go:123.15,125.3 1 1
github.com/zephrfish/sandboxspy/pkg/security/validator.go:128.2,129.32 2 1
github.com/zephrfish/sandboxspy/pkg/security/validator.go:129.32,131.3 1 1
github.com/zephrfish/sandboxspy/pkg/security/validator.go:133.2,133.12 1 1
github.com/zephrfish/sandboxspy/pkg/security/validator.go:137.63,138.19 1 1
github.com/zephrfish/sandboxspy/pkg/security/validator.go:138.19,140.3 1 1
github.com/zephrfish/sandboxspy/pkg/security/validator.go:142.2,142.39 1 1
github.com/zephrfish/sandboxspy/pkg/security/validator.go:142.39,144.3 1 1
github.com/zephrfish/sandboxspy/pkg/security/validator.go:147.2,147.47 1 1
github.com/zephrfish/sandboxspy/pkg/security/validator.go:147.47,149.3 1 1
github.com/zephrfish/sandboxspy/pkg/security/validator.go:152.2,152.46 1 1
github.com/zephrfish/sandboxspy/pkg/security/validator.go:152.46,154.3 1 1
github.com/zephrfish/sandboxspy/pkg/security/validator.go:156.2,156.12 1 1
github.com/zephrfish/sandboxspy/pkg/security/validator.go:160.57,161.16 1 1
github.com/zephrfish/sandboxspy/pkg/security/validator.go:161.16,163.3 1 1
github.com/zephrfish/sandboxspy/pkg/security/validator.go:165.2,165.33 1 1
github.com/zephrfish/sandboxspy/pkg/security/validator.go:165.33,167.3 1 1
github.com/zephrfish/sandboxspy/pkg/security/validator.go:170.2,170.44 1 1
github.com/zephrfish/sandboxspy/pkg/security/validator.go:170.44,172.3 1 1
github.com/zephrfish/sandboxspy/pkg/security/validator.go:175.2,176.39 2 1
github.com/zephrfish/sandboxspy/pkg/security/validator.go:176.39,178.3 1 0
github.com/zephrfish/sandboxspy/pkg/security/validator.go:181.2,181.43 1 1
github.com/zephrfish/sandboxspy/pkg/security/validator.go:181.43,183.3 1 1
github.com/zephrfish/sandboxspy/pkg/security/validator.go:185.2,185.12 1 1
github.com/zephrfish/sandboxspy/pkg/security/validator.go:189.56,190.19 1 1
github.com/zephrfish/sandboxspy/pkg/security/validator.go:190.19,192.3 1 1
github.com/zephrfish/sandboxspy/pkg/security/validator.go:195.2,195.44 1 1
github.com/zephrfish/sandboxspy/pkg/security/validator.go:195.44,197.3 1 1
github.com/zephrfish/sandboxspy/pkg/security/validator.go:200.2,201.61 2 1
github.com/zephrfish/sandboxspy/pkg/security/validator.go:201.61,203.3 1 1
github.com/zephrfish/sandboxspy/pkg/security/validator.go:205.2,205.12 1 1
github.com/zephrfish/sandboxspy/pkg/security/validator.go:209.57,226.37 5 1
github.com/zephrfish/sandboxspy/pkg/security/validator.go:226.37,228.3 1 1
github.com/zephrfish/sandboxspy/pkg/security/validator.go:230.2,230.14 1 1
github.com/zephrfish/sandboxspy/pkg/security/validator.go:234.57,235.18 1 1
github.com/zephrfish/sandboxspy/pkg/security/validator.go:235.18,237.3 1 1
github.com/zephrfish/sandboxspy/pkg/security/validator.go:240.2,241.38 2 1
github.com/zephrfish/sandboxspy/pkg/security/validator.go:241.38,243.3 1 1
github.com/zephrfish/sandboxspy/pkg/security/validator.go:246.2,246.22 1 1
github.com/zephrfish/sandboxspy/pkg/security/validator.go:246.22,248.3 1 1
github.com/zephrfish/sandboxspy/pkg/security/validator.go:250.2,250.12 1 1
github.com/zephrfish/sandboxspy/pkg/security/validator.go:254.57,255.18 1 1
github.com/zephrfish/sandboxspy/pkg/security/validator.go:255.18,257.3 1 1
github.com/zephrfish/sandboxspy/pkg/security/validator.go:260.2,261.38 2 1
github.com/zephrfish/sandboxspy/pkg/security/validator.go:261.38,263.3 1 1
github.com/zephrfish/sandboxspy/pkg/security/validator.go:266.2,266.45 1 1
github.com/zephrfish/sandboxspy/pkg/security/validator.go:266.45,268.3 1 0
github.com/zephrfish/sandboxspy/pkg/security/validator.go:270.2,270.12 1 1
github.com/zephrfish/sandboxspy/pkg/security/validator.go:274.67,275.23 1 1
github.com/zephrfish/sandboxspy/pkg/security/validator.go:275.23,277.3 1 1
github.com/zephrfish/sandboxspy/pkg/security/validator.go:280.2,281.48 2 1
github.com/zephrfish/sandboxspy/pkg/security/validator.go:281.48,283.3 1 1
github.com/zephrfish/sandboxspy/pkg/security/validator.go:285.2,285.12 1 1
github.com/zephrfish/sandboxspy/pkg/security/validator.go:289.55,292.27 2 1
github.com/zephrfish/sandboxspy/pkg/security/validator.go:292.27,293.16 1 1
github.com/zephrfish/sandboxspy/pkg/security/validator.go:293.16,294.12 1 1
github.com/zephrfish/sandboxspy/pkg/security/validator.go:297.3,297.20 1 1
github.com/zephrfish/sandboxspy/pkg/security/validator.go:297.20,299.4 1 1
github.com/zephrfish/sandboxspy/pkg/security/validator.go:301.3,301.33 1 1
github.com/zephrfish/sandboxspy/pkg/security/validator.go:301.33,303.4 1 1
github.com/zephrfish/sandboxspy/pkg/security/validator.go:306.3,306.43 1 1
github.com/zephrfish/sandboxspy/pkg/security/validator.go:306.43,308.4 1 0
github.com/zephrfish/sandboxspy/pkg/security/validator.go:311.2,311.12 1 1
github.com/zephrfish/sandboxspy/pkg/security/validator.go:315.63,318.27 2 1
github.com/zephrfish/sandboxspy/pkg/security/validator.go:318.27,320.17 2 1
github.com/zephrfish/sandboxspy/pkg/security/validator.go:320.17,322.4 1 1
github.com/zephrfish/sandboxspy/pkg/security/validator.go:323.3,323.55 1 1
github.com/zephrfish/sandboxspy/pkg/security/validator.go:326.2,326.12 1 1
github.com/zephrfish/sandboxspy/pkg/security/validator.go:330.63,333.27 2 1
github.com/zephrfish/sandboxspy/pkg/security/validator.go:333.27,335.17 2 1
github.com/zephrfish/sandboxspy/pkg/security/validator.go:335.17,337.4 1 1
github.com/zephrfish/sandboxspy/pkg/security/validator.go:338.3,338.55 1 1
github.com/zephrfish/sandboxspy/pkg/security/validator.go:341.2,341.12 1 1
github.com/zephrfish/sandboxspy/pkg/detector/advanced_common.go:17.46,21.2 1 0
github.com/zephrfish/sandboxspy/pkg/detector/advanced_common.go:24.66,53.16 4 1
github.com/zephrfish/sandboxspy/pkg/detector/advanced_common.go:53.16,55.3 1 0
github.com/zephrfish/sandboxspy/pkg/detector/advanced_common.go:57.2,57.35 1 1
github.com/zephrfish/sandboxspy/pkg/detector/advanced_common.go:57.35,59.46 2 1
github.com/zephrfish/sandboxspy/pkg/detector/advanced_common.go:59.46,60.12 1 1
github.com/zephrfish/sandboxspy/pkg/detector/advanced_common.go:63.3,64.44 2 1
github.com/zephrfish/sandboxspy/pkg/detector/advanced_common.go:64.44,65.43 1 1
github.com/zephrfish/sandboxspy/pkg/detector/advanced_common.go:65.43,67.10 2 0
github.com/zephrfish/sandboxspy/pkg/detector/advanced_common.go:71.3,71.38 1 1
github.com/zephrfish/sandboxspy/pkg/detector/advanced_common.go:71.38,73.4 1 1
github.com/zephrfish/sandboxspy/pkg/detector/advanced_common.go:76.2,76.15 1 1
github.com/zephrfish/sandboxspy/pkg/detector/advanced_common.go:80.58,82.20 2 1
github.com/zephrfish/sandboxspy/pkg/detector/advanced_common.go:82.20,84.3 1 1
github.com/zephrfish/sandboxspy/pkg/detector/advanced_common.go:86.2,134.49 3 1
github.com/zephrfish/sandboxspy/pkg/detector/advanced_common.go:134.49,135.81 1 1
github.com/zephrfish/sandboxspy/pkg/detector/advanced_common.go:135.81,137.4 1 0
github.com/zephrfish/sandboxspy/pkg/detector/advanced_common.go:141.2,141.24 1 1
github.com/zephrfish/sandboxspy/pkg/detector/advanced_common.go:141.24,143.3 1 0
github.com/zephrfish/sandboxspy/pkg/detector/advanced_common.go:146.2,147.32 2 1
github.com/zephrfish/sandboxspy/pkg/detector/advanced_common.go:147.32,148.31 1 1
github.com/zephrfish/sandboxspy/pkg/detector/advanced_common.go:148.31,150.9 2 1
github.com/zephrfish/sandboxspy/pkg/detector/advanced_common.go:153.2,153.15 1 1
github.com/zephrfish/sandboxspy/pkg/detector/advanced_common.go:153.15,155.3 1 0
github.com/zephrfish/sandboxspy/pkg/detector/advanced_common.go:157.2,157.14 1 1
github.com/zephrfish/sandboxspy/pkg/detector/advanced_common.go:161.57,165.25 2 1
github.com/zephrfish/sandboxspy/pkg/detector/advanced_common.go:165.25,171.36 4 1
github.com/zephrfish/sandboxspy/pkg/detector/advanced_common.go:171.36,173.4 1 0
github.com/zephrfish/sandboxspy/pkg/detector/advanced_common.go:177.2,177.23 1 1
github.com/zephrfish/sandboxspy/pkg/detector/advanced_common.go:181.55,185.27 1 1
github.com/zephrfish/sandboxspy/pkg/detector/advanced_common.go:185.27,187.3 1 0
github.com/zephrfish/sandboxspy/pkg/detector/advanced_common.go:195.2,195.34 1 1
github.com/zephrfish/sandboxspy/pkg/detector/advanced_common.go:195.34,197.3 1 0
github.com/zephrfish/sandboxspy/pkg/detector/advanced_common.go:199.2,199.14 1 1
github.com/zephrfish/sandboxspy/pkg/detector/advanced_common.go:203.60,261.36 2 1
github.com/zephrfish/sandboxspy/pkg/detector/advanced_common.go:261.36,262.42 1 1
github.com/zephrfish/sandboxspy/pkg/detector/advanced_common.go:262.42,264.4 1 1
github.com/zephrfish/sandboxspy/pkg/detector/advanced_common.go:268.2,270.16 3 0
github.com/zephrfish/sandboxspy/pkg/detector/advanced_common.go:270.16,272.33 2 0
github.com/zephrfish/sandboxspy/pkg/detector/advanced_common.go:272.33,280.40 2 0
github.com/zephrfish/sandboxspy/pkg/detector/advanced_common.go:280.40,282.5 1 0
github.com/zephrfish/sandboxspy/pkg/detector/advanced_common.go:284.3,284.27 1 0
github.com/zephrfish/sandboxspy/pkg/detector/advanced_common.go:284.27,286.4 1 0
github.com/zephrfish/sandboxspy/pkg/detector/advanced_common.go:289.2,289.14 1 0
github.com/zephrfish/sandboxspy/pkg/detector/advanced_common.go:293.74,314.30 4 0
github.com/zephrfish/sandboxspy/pkg/detector/advanced_common.go:314.30,316.22 2 0
github.com/zephrfish/sandboxspy/pkg/detector/advanced_common.go:316.22,317.12 1 0
github.com/zephrfish/sandboxspy/pkg/detector/advanced_common.go:320.3,323.36 3 0
github.com/zephrfish/sandboxspy/pkg/detector/advanced_common.go:323.36,324.55 1 0
github.com/zephrfish/sandboxspy/pkg/detector/advanced_common.go:324.55,326.5 1 0
github.com/zephrfish/sandboxspy/pkg/detector/advanced_common.go:331.2,331.49 1 0
github.com/zephrfish/sandboxspy/pkg/detector/advanced_common.go:331.49,337.42 2 0
github.com/zephrfish/sandboxspy/pkg/detector/advanced_common.go:337.42,339.4 1 0
github.com/zephrfish/sandboxspy/pkg/detector/advanced_common.go:342.2,342.19 1 0
github.com/zephrfish/sandboxspy/pkg/detector/advanced_other.go:8.58,10.2 1 0
github.com/zephrfish/sandboxspy/pkg/detector/advanced_other.go:13.56,15.2 1 0
github.com/zephrfish/sandboxspy/pkg/detector/advanced_other.go:18.58,20.2 1 0
github.com/zephrfish/sandboxspy/pkg/detector/advanced_other.go:23.53,26.2 1 1
github.com/zephrfish/sandboxspy/pkg/detector/advanced_other.go:29.57,31.2 1 1
github.com/zephrfish/sandboxspy/pkg/detector/detector.go:48.22,57.2 1 1
github.com/zephrfish/sandboxspy/pkg/detector/detector.go:60.56,68.27 4 1
github.com/zephrfish/sandboxspy/pkg/detector/detector.go:68.27,70.3 1 1
github.com/zephrfish/sandboxspy/pkg/detector/detector.go:71.2,85.30 8 1
github.com/zephrfish/sandboxspy/pkg/detector/detector.go:85.30,86.54 1 1
github.com/zephrfish/sandboxspy/pkg/detector/detector.go:86.54,89.4 2 0
github.com/zephrfish/sandboxspy/pkg/detector/detector.go:90.3,93.45 2 1
github.com/zephrfish/sandboxspy/pkg/detector/detector.go:93.45,96.4 2 1
github.com/zephrfish/sandboxspy/pkg/detector/detector.go:97.3,97.11 1 1
github.com/zephrfish/sandboxspy/pkg/detector/detector.go:100.2,100.33 1 1
github.com/zephrfish/sandboxspy/pkg/detector/detector.go:100.33,101.58 1 1
github.com/zephrfish/sandboxspy/pkg/detector/detector.go:101.58,104.4 2 0
github.com/zephrfish/sandboxspy/pkg/detector/detector.go:105.3,108.61 2 1
github.com/zephrfish/sandboxspy/pkg/detector/detector.go:108.61,112.4 3 0
github.com/zephrfish/sandboxspy/pkg/detector/detector.go:113.3,116.38 2 1
github.com/zephrfish/sandboxspy/pkg/detector/detector.go:116.38,119.4 2 0
github.com/zephrfish/sandboxspy/pkg/detector/detector.go:120.3,120.11 1 1
github.com/zephrfish/sandboxspy/pkg/detector/detector.go:123.2,123.33 1 1
github.com/zephrfish/sandboxspy/pkg/detector/detector.go:123.33,124.46 1 1
github.com/zephrfish/sandboxspy/pkg/detector/detector.go:124.46,126.4 1 0
github.com/zephrfish/sandboxspy/pkg/detector/detector.go:127.3,130.73 2 1
github.com/zephrfish/sandboxspy/pkg/detector/detector.go:130.73,131.40 1 1
github.com/zephrfish/sandboxspy/pkg/detector/detector.go:131.40,133.28 2 1
github.com/zephrfish/sandboxspy/pkg/detector/detector.go:133.28,136.6 2 0
github.com/zephrfish/sandboxspy/pkg/detector/detector.go:139.3,139.11 1 1
github.com/zephrfish/sandboxspy/pkg/detector/detector.go:142.2,142.46 1 1
github.com/zephrfish/sandboxspy/pkg/detector/detector.go:142.46,145.3 2 0
github.com/zephrfish/sandboxspy/pkg/detector/detector.go:147.2,147.46 1 1
github.com/zephrfish/sandboxspy/pkg/detector/detector.go:147.46,150.3 2 0
github.com/zephrfish/sandboxspy/pkg/detector/detector.go:153.2,153.42 1 1
github.com/zephrfish/sandboxspy/pkg/detector/detector.go:153.42,157.3 3 0
github.com/zephrfish/sandboxspy/pkg/detector/detector.go:159.2,159.32 1 1
github.com/zephrfish/sandboxspy/pkg/detector/detector.go:159.32,160.30 1 1
github.com/zephrfish/sandboxspy/pkg/detector/detector.go:160.30,163.4 2 0
github.com/zephrfish/sandboxspy/pkg/detector/detector.go:166.3,166.42 1 1
github.com/zephrfish/sandboxspy/pkg/detector/detector.go:166.42,169.4 2 0
github.com/zephrfish/sandboxspy/pkg/detector/detector.go:170.3,170.11 1 1
github.com/zephrfish/sandboxspy/pkg/detector/detector.go:174.2,174.31 1 1
github.com/zephrfish/sandboxspy/pkg/detector/detector.go:174.31,175.43 1 0
github.com/zephrfish/sandboxspy/pkg/detector/detector.go:175.43,178.4 2 0
github.com/zephrfish/sandboxspy/pkg/detector/detector.go:179.3,182.83 3 0
github.com/zephrfish/sandboxspy/pkg/detector/detector.go:182.83,185.4 2 0
github.com/zephrfish/sandboxspy/pkg/detector/detector.go:186.3,186.11 1 0
github.com/zephrfish/sandboxspy/pkg/detector/detector.go:190.2,190.39 1 1
github.com/zephrfish/sandboxspy/pkg/detector/detector.go:190.39,194.3 3 0
github.com/zephrfish/sandboxspy/pkg/detector/detector.go:197.2,197.71 1 1
github.com/zephrfish/sandboxspy/pkg/detector/detector.go:197.71,201.3 3 0
github.com/zephrfish/sandboxspy/pkg/detector/detector.go:204.2,204.16 1 1
github.com/zephrfish/sandboxspy/pkg/detector/detector.go:204.16,206.3 1 1
github.com/zephrfish/sandboxspy/pkg/detector/detector.go:209.2,225.15 10 1
github.com/zephrfish/sandboxspy/pkg/detector/detector.go:229.50,244.36 3 1
github.com/zephrfish/sandboxspy/pkg/detector/detector.go:244.36,245.42 1 1
github.com/zephrfish/sandboxspy/pkg/detector/detector.go:245.42,247.4 1 0
github.com/zephrfish/sandboxspy/pkg/detector/detector.go:250.2,250.17 1 1
github.com/zephrfish/sandboxspy/pkg/detector/detector.go:254.54,273.16 4 1
github.com/zephrfish/sandboxspy/pkg/detector/detector.go:273.16,275.3 1 0
github.com/zephrfish/sandboxspy/pkg/detector/detector.go:277.2,277.33 1 1
github.com/zephrfish/sandboxspy/pkg/detector/detector.go:277.33,279.44 2 1
github.com/zephrfish/sandboxspy/pkg/detector/detector.go:279.44,280.31 1 1
github.com/zephrfish/sandboxspy/pkg/detector/detector.go:280.31,282.5 1 0
github.com/zephrfish/sandboxspy/pkg/detector/detector.go:286.2,286.17 1 1
github.com/zephrfish/sandboxspy/pkg/detector/detector.go:290.57,300.27 2 1
github.com/zephrfish/sandboxspy/pkg/detector/detector.go:300.27,302.42 2 1
github.com/zephrfish/sandboxspy/pkg/detector/detector.go:302.42,303.47 1 1
github.com/zephrfish/sandboxspy/pkg/detector/detector.go:303.47,305.5 1 1
github.com/zephrfish/sandboxspy/pkg/detector/detector.go:309.2,309.14 1 1
github.com/zephrfish/sandboxspy/pkg/detector/detector.go:313.64,329.43 3 1
github.com/zephrfish/sandboxspy/pkg/detector/detector.go:329.43,330.64 1 1
github.com/zephrfish/sandboxspy/pkg/detector/detector.go:330.64,332.4 1 1
github.com/zephrfish/sandboxspy/pkg/detector/detector.go:335.2,335.14 1 1
github.com/zephrfish/sandboxspy/pkg/detector/detector.go:339.64,352.43 3 1
github.com/zephrfish/sandboxspy/pkg/detector/detector.go:352.43,353.48 1 1
github.com/zephrfish/sandboxspy/pkg/detector/detector.go:353.48,355.4 1 1
github.com/zephrfish/sandboxspy/pkg/detector/detector.go:358.2,358.14 1 1
github.com/zephrfish/sandboxspy/pkg/detector/detector.go:362.47,369.2 4 1
github.com/zephrfish/sandboxspy/pkg/detector/detector.go:372.51,376.16 3 1
github.com/zephrfish/sandboxspy/pkg/detector/detector.go:376.16,378.3 1 0
github.com/zephrfish/sandboxspy/pkg/detector/detector.go:380.2,380.31 1 1
github.com/zephrfish/sandboxspy/pkg/detector/detector.go:380.31,382.46 2 1
github.com/zephrfish/sandboxspy/pkg/detector/detector.go:382.46,384.4 1 1
github.com/zephrfish/sandboxspy/pkg/detector/detector.go:387.2,387.13 1 1
github.com/zephrfish/sandboxspy/pkg/detector/detector.go:391.43,393.16 2 1
github.com/zephrfish/sandboxspy/pkg/detector/detector.go:393.16,395.3 1 0
github.com/zephrfish/sandboxspy/pkg/detector/detector.go:396.2,399.30 3 1
github.com/zephrfish/sandboxspy/pkg/detector/detector.go:403.52,405.21 2 1
github.com/zephrfish/sandboxspy/pkg/detector/detector.go:405.21,407.3 1 1
github.com/zephrfish/sandboxspy/pkg/detector/detector.go:409.2,409.27 1 1
github.com/zephrfish/sandboxspy/pkg/detector/detector.go:409.27,411.22 2 1
github.com/zephrfish/sandboxspy/pkg/detector/detector.go:411.22,413.4 1 1
github.com/zephrfish/sandboxspy/pkg/detector/detector.go:416.2,416.11 1 0
github.com/zephrfish/sandboxspy/pkg/detector/detector.go:420.67,424.42 2 1
github.com/zephrfish/sandboxspy/pkg/detector/detector.go:424.42,427.46 2 1
github.com/zephrfish/sandboxspy/pkg/detector/detector.go:427.46,429.9 2 1
github.com/zephrfish/sandboxspy/pkg/detector/detector.go:431.3,431.46 1 1
github.com/zephrfish/sandboxspy/pkg/detector/detector.go:431.46,433.9 2 0
github.com/zephrfish/sandboxspy/pkg/detector/detector.go:438.2,438.40 1 1
github.com/zephrfish/sandboxspy/pkg/detector/detector.go:438.40,439.37 1 1
github.com/zephrfish/sandboxspy/pkg/detector/detector.go:439.37,441.4 1 1
github.com/zephrfish/sandboxspy/pkg/detector/detector.go:442.3,442.75 1 1
github.com/zephrfish/sandboxspy/pkg/detector/detector.go:442.75,444.4 1 0
github.com/zephrfish/sandboxspy/pkg/detector/detector.go:448.2,448.30 1 1
github.com/zephrfish/sandboxspy/pkg/detector/detector.go:448.30,450.3 1 1
github.com/zephrfish/sandboxspy/pkg/detector/detector.go:450.8,450.37 1 1
github.com/zephrfish/sandboxspy/pkg/detector/detector.go:450.37,452.3 1 0
github.com/zephrfish/sandboxspy/pkg/detector/detector.go:452.8,452.34 1 1
github.com/zephrfish/sandboxspy/pkg/detector/detector.go:452.34,454.3 1 1
github.com/zephrfish/sandboxspy/pkg/detector/detector.go:457.2,458.27 2 1
github.com/zephrfish/sandboxspy/pkg/detector/detector.go:458.27,460.3 1 1
github.com/zephrfish/sandboxspy/pkg/detector/detector.go:462.2,463.26 2 1
github.com/zephrfish/sandboxspy/pkg/detector/detector.go:463.26,465.3 1 1
github.com/zephrfish/sandboxspy/pkg/detector/detector.go:467.2,467.19 1 1
github.com/zephrfish/sandboxspy/pkg/detector/detector.go:471.72,480.2 3 1
github.com/zephrfish/sandboxspy/pkg/detector/detector.go:483.54,486.16 3 0
github.com/zephrfish/sandboxspy/pkg/detector/detector.go:486.16,488.3 1 0
github.com/zephrfish/sandboxspy/pkg/detector/detector.go:490.2,490.30 1 0
github.com/zephrfish/sandboxspy/pkg/detector/detector.go:494.53,496.2 1 1
github.com/zephrfish/sandboxspy/pkg/detector/detector.go:499.57,501.16 2 0
github.com/zephrfish/sandboxspy/pkg/detector/detector.go:501.16,503.3 1 0
github.com/zephrfish/sandboxspy/pkg/detector/detector.go:505.2,505.34 1 0
github.com/zephrfish/sandboxspy/pkg/middleware/security.go:25.117,40.2 5 1
github.com/zephrfish/sandboxspy/pkg/middleware/security.go:43.78,44.20 1 1
github.com/zephrfish/sandboxspy/pkg/middleware/security.go:44.20,46.3 1 1
github.com/zephrfish/sandboxspy/pkg/middleware/security.go:48.2,49.18 2 1
github.com/zephrfish/sandboxspy/pkg/middleware/security.go:49.18,52.3 1 1
github.com/zephrfish/sandboxspy/pkg/middleware/security.go:54.2,54.18 1 1
github.com/zephrfish/sandboxspy/pkg/middleware/security.go:54.18,56.3 1 1
github.com/zephrfish/sandboxspy/pkg/middleware/security.go:59.2,59.60 1 1
github.com/zephrfish/sandboxspy/pkg/middleware/security.go:59.60,62.3 2 1
github.com/zephrfish/sandboxspy/pkg/middleware/security.go:64.2,65.24 2 0
github.com/zephrfish/sandboxspy/pkg/middleware/security.go:69.86,70.54 1 1
github.com/zephrfish/sandboxspy/pkg/middleware/security.go:70.54,72.13 2 1
github.com/zephrfish/sandboxspy/pkg/middleware/security.go:72.13,75.4 2 1
github.com/zephrfish/sandboxspy/pkg/middleware/security.go:78.3,80.13 2 0
github.com/zephrfish/sandboxspy/pkg/middleware/security.go:85.91,86.54 1 1
github.com/zephrfish/sandboxspy/pkg/middleware/security.go:86.54,88.21 2 1
github.com/zephrfish/sandboxspy/pkg/middleware/security.go:88.21,90.4 1 0
github.com/zephrfish/sandboxspy/pkg/middleware/security.go:93.3,94.47 2 1
github.com/zephrfish/sandboxspy/pkg/middleware/security.go:94.47,96.4 1 0
github.com/zephrfish/sandboxspy/pkg/middleware/security.go:99.3,100.17 2 1
github.com/zephrfish/sandboxspy/pkg/middleware/security.go:100.17,103.4 1 0
github.com/zephrfish/sandboxspy/pkg/middleware/security.go:105.3,105.15 1 1
github.com/zephrfish/sandboxspy/pkg/middleware/security.go:105.15,108.22 2 0
github.com/zephrfish/sandboxspy/pkg/middleware/security.go:108.22,112.5 3 0
github.com/zephrfish/sandboxspy/pkg/middleware/security.go:114.4,115.10 2 0
github.com/zephrfish/sandboxspy/pkg/middleware/security.go:119.3,119.66 1 1
github.com/zephrfish/sandboxspy/pkg/middleware/security.go:119.66,124.4 4 1
github.com/zephrfish/sandboxspy/pkg/middleware/security.go:126.3,126.13 1 1
github.com/zephrfish/sandboxspy/pkg/middleware/security.go:131.95,132.54 1 1
github.com/zephrfish/sandboxspy/pkg/middleware/security.go:132.54,134.96 1 1
github.com/zephrfish/sandboxspy/pkg/middleware/security.go:134.96,137.4 2 0
github.com/zephrfish/sandboxspy/pkg/middleware/security.go:140.3,140.47 1 1
github.com/zephrfish/sandboxspy/pkg/middleware/security.go:140.47,143.49 3 1
github.com/zephrfish/sandboxspy/pkg/middleware/security.go:143.49,146.5 2 1
github.com/zephrfish/sandboxspy/pkg/middleware/security.go:149.4,149.58 1 1
github.com/zephrfish/sandboxspy/pkg/middleware/security.go:149.58,152.5 2 1
github.com/zephrfish/sandboxspy/pkg/middleware/security.go:155.4,156.18 2 1
github.com/zephrfish/sandboxspy/pkg/middleware/security.go:156.18,159.5 2 0
github.com/zephrfish/sandboxspy/pkg/middleware/security.go:162.4,163.47 2 1
github.com/zephrfish/sandboxspy/pkg/middleware/security.go:166.3,166.13 1 1
github.com/zephrfish/sandboxspy/pkg/middleware/security.go:171.92,172.54 1 1
github.com/zephrfish/sandboxspy/pkg/middleware/security.go:172.54,174.32 1 1
github.com/zephrfish/sandboxspy/pkg/middleware/security.go:174.32,177.4 2 1
github.com/zephrfish/sandboxspy/pkg/middleware/security.go:180.3,181.38 2 1
github.com/zephrfish/sandboxspy/pkg/middleware/security.go:181.38,184.4 2 1
github.com/zephrfish/sandboxspy/pkg/middleware/security.go:186.3,186.13 1 1
github.com/zephrfish/sandboxspy/pkg/middleware/security.go:191.97,192.54 1 1
github.com/zephrfish/sandboxspy/pkg/middleware/security.go:192.54,201.67 6 1
github.com/zephrfish/sandboxspy/pkg/middleware/security.go:201.67,203.4 1 1
github.com/zephrfish/sandboxspy/pkg/middleware/security.go:205.3,205.13 1 1
github.com/zephrfish/sandboxspy/pkg/middleware/security.go:210.86,212.70 1 1
github.com/zephrfish/sandboxspy/pkg/middleware/security.go:212.70,214.3 1 1
github.com/zephrfish/sandboxspy/pkg/middleware/security.go:217.2,217.70 1 1
github.com/zephrfish/sandboxspy/pkg/middleware/security.go:217.70,219.3 1 1
github.com/zephrfish/sandboxspy/pkg/middleware/security.go:222.2,222.66 1 1
github.com/zephrfish/sandboxspy/pkg/middleware/security.go:222.66,224.3 1 0
github.com/zephrfish/sandboxspy/pkg/middleware/security.go:227.2,227.72 1 1
github.com/zephrfish/sandboxspy/pkg/middleware/security.go:227.72,229.3 1 0
github.com/zephrfish/sandboxspy/pkg/middleware/security.go:232.2,232.41 1 1
github.com/zephrfish/sandboxspy/pkg/middleware/security.go:232.41,233.62 1 1
github.com/zephrfish/sandboxspy/pkg/middleware/security.go:233.62,235.4 1 0
github.com/zephrfish/sandboxspy/pkg/middleware/security.go:239.2,239.42 1 1
github.com/zephrfish/sandboxspy/pkg/middleware/security.go:239.42,240.67 1 1
github.com/zephrfish/sandboxspy/pkg/middleware/security.go:240.67,242.4 1 0
github.com/zephrfish/sandboxspy/pkg/middleware/security.go:246.2,246.39 1 1
github.com/zephrfish/sandboxspy/pkg/middleware/security.go:246.39,247.61 1 1
github.com/zephrfish/sandboxspy/pkg/middleware/security.go:247.61,249.4 1 0
github.com/zephrfish/sandboxspy/pkg/middleware/security.go:253.2,253.76 1 1
github.com/zephrfish/sandboxspy/pkg/middleware/security.go:253.76,255.3 1 0
github.com/zephrfish/sandboxspy/pkg/middleware/security.go:258.2,258.62 1 1
github.com/zephrfish/sandboxspy/pkg/middleware/security.go:258.62,260.3 1 0
github.com/zephrfish/sandboxspy/pkg/middleware/security.go:263.2,267.12 4 1
github.com/zephrfish/sandboxspy/pkg/middleware/security.go:277.60,278.28 1 1
github.com/zephrfish/sandboxspy/pkg/middleware/security.go:278.28,280.3 1 0
github.com/zephrfish/sandboxspy/pkg/middleware/security.go:282.2,284.15 3 1
github.com/zephrfish/sandboxspy/pkg/middleware/security.go:288.40,290.2 1 0
github.com/zephrfish/sandboxspy/pkg/middleware/security.go:293.108,294.55 1 1
github.com/zephrfish/sandboxspy/pkg/middleware/security.go:294.55,295.46 1 1
github.com/zephrfish/sandboxspy/pkg/middleware/security.go:295.46,297.4 1 1
github.com/zephrfish/sandboxspy/pkg/middleware/security.go:298.3,298.15 1 1
