mode: set
github.com/zephrfish/sandboxspy/pkg/client/client.go:22.62,30.2 1 1
github.com/zephrfish/sandboxspy/pkg/client/client.go:33.75,37.16 3 1
github.com/zephrfish/sandboxspy/pkg/client/client.go:37.16,39.3 1 0
github.com/zephrfish/sandboxspy/pkg/client/client.go:41.2,42.16 2 1
github.com/zephrfish/sandboxspy/pkg/client/client.go:42.16,44.3 1 0
github.com/zephrfish/sandboxspy/pkg/client/client.go:46.2,49.16 3 1
github.com/zephrfish/sandboxspy/pkg/client/client.go:49.16,51.3 1 1
github.com/zephrfish/sandboxspy/pkg/client/client.go:52.2,54.79 2 1
github.com/zephrfish/sandboxspy/pkg/client/client.go:54.79,57.3 2 1
github.com/zephrfish/sandboxspy/pkg/client/client.go:59.2,59.12 1 1
github.com/zephrfish/sandboxspy/pkg/client/client.go:63.73,73.16 4 1
github.com/zephrfish/sandboxspy/pkg/client/client.go:73.16,75.3 1 0
github.com/zephrfish/sandboxspy/pkg/client/client.go:77.2,78.16 2 1
github.com/zephrfish/sandboxspy/pkg/client/client.go:78.16,80.3 1 0
github.com/zephrfish/sandboxspy/pkg/client/client.go:82.2,85.16 3 1
github.com/zephrfish/sandboxspy/pkg/client/client.go:85.16,87.3 1 0
github.com/zephrfish/sandboxspy/pkg/client/client.go:88.2,90.79 2 1
github.com/zephrfish/sandboxspy/pkg/client/client.go:90.79,93.3 2 0
github.com/zephrfish/sandboxspy/pkg/client/client.go:95.2,95.12 1 1
github.com/zephrfish/sandboxspy/pkg/client/client.go:99.66,103.16 3 1
github.com/zephrfish/sandboxspy/pkg/client/client.go:103.16,105.3 1 0
github.com/zephrfish/sandboxspy/pkg/client/client.go:107.2,110.16 3 1
github.com/zephrfish/sandboxspy/pkg/client/client.go:110.16,112.3 1 0
github.com/zephrfish/sandboxspy/pkg/client/client.go:113.2,115.38 2 1
github.com/zephrfish/sandboxspy/pkg/client/client.go:115.38,118.3 2 0
github.com/zephrfish/sandboxspy/pkg/client/client.go:120.2,121.70 2 1
github.com/zephrfish/sandboxspy/pkg/client/client.go:121.70,123.3 1 0
github.com/zephrfish/sandboxspy/pkg/client/client.go:125.2,125.24 1 1
github.com/zephrfish/sandboxspy/pkg/client/client.go:129.85,133.16 3 1
github.com/zephrfish/sandboxspy/pkg/client/client.go:133.16,135.3 1 0
github.com/zephrfish/sandboxspy/pkg/client/client.go:137.2,140.16 3 1
github.com/zephrfish/sandboxspy/pkg/client/client.go:140.16,142.3 1 0
github.com/zephrfish/sandboxspy/pkg/client/client.go:143.2,145.38 2 1
github.com/zephrfish/sandboxspy/pkg/client/client.go:145.38,148.3 2 0
github.com/zephrfish/sandboxspy/pkg/client/client.go:150.2,151.68 2 1
github.com/zephrfish/sandboxspy/pkg/client/client.go:151.68,153.3 1 0
github.com/zephrfish/sandboxspy/pkg/client/client.go:155.2,155.21 1 1
github.com/zephrfish/sandboxspy/pkg/client/client.go:159.97,163.16 3 0
github.com/zephrfish/sandboxspy/pkg/client/client.go:163.16,165.3 1 0
github.com/zephrfish/sandboxspy/pkg/client/client.go:167.2,168.16 2 0
github.com/zephrfish/sandboxspy/pkg/client/client.go:168.16,170.3 1 0
github.com/zephrfish/sandboxspy/pkg/client/client.go:172.2,175.16 3 0
github.com/zephrfish/sandboxspy/pkg/client/client.go:175.16,177.3 1 0
github.com/zephrfish/sandboxspy/pkg/client/client.go:178.2,180.38 2 0
github.com/zephrfish/sandboxspy/pkg/client/client.go:180.38,183.3 2 0
github.com/zephrfish/sandboxspy/pkg/client/client.go:185.2,186.68 2 0
github.com/zephrfish/sandboxspy/pkg/client/client.go:186.68,188.3 1 0
github.com/zephrfish/sandboxspy/pkg/client/client.go:190.2,190.21 1 0
github.com/zephrfish/sandboxspy/pkg/client/client.go:194.72,198.16 3 1
github.com/zephrfish/sandboxspy/pkg/client/client.go:198.16,200.3 1 0
github.com/zephrfish/sandboxspy/pkg/client/client.go:202.2,205.16 3 1
github.com/zephrfish/sandboxspy/pkg/client/client.go:205.16,207.3 1 0
github.com/zephrfish/sandboxspy/pkg/client/client.go:208.2,210.38 2 1
github.com/zephrfish/sandboxspy/pkg/client/client.go:210.38,213.3 2 0
github.com/zephrfish/sandboxspy/pkg/client/client.go:215.2,216.66 2 1
github.com/zephrfish/sandboxspy/pkg/client/client.go:216.66,218.3 1 0
github.com/zephrfish/sandboxspy/pkg/client/client.go:220.2,220.19 1 1
github.com/zephrfish/sandboxspy/pkg/client/client.go:224.44,228.16 3 0
github.com/zephrfish/sandboxspy/pkg/client/client.go:228.16,230.3 1 0
github.com/zephrfish/sandboxspy/pkg/client/client.go:234.2,235.16 2 0
github.com/zephrfish/sandboxspy/pkg/client/client.go:235.16,237.3 1 0
github.com/zephrfish/sandboxspy/pkg/client/client.go:238.2,240.38 2 0
github.com/zephrfish/sandboxspy/pkg/client/client.go:240.38,242.3 1 0
github.com/zephrfish/sandboxspy/pkg/client/client.go:244.2,245.67 2 0
github.com/zephrfish/sandboxspy/pkg/client/client.go:245.67,247.3 1 0
github.com/zephrfish/sandboxspy/pkg/client/client.go:249.2,249.32 1 0
github.com/zephrfish/sandboxspy/pkg/client/client.go:249.32,251.3 1 0
github.com/zephrfish/sandboxspy/pkg/client/client.go:253.2,253.12 1 0
github.com/zephrfish/sandboxspy/pkg/client/client.go:257.71,261.16 3 0
github.com/zephrfish/sandboxspy/pkg/client/client.go:261.16,263.3 1 0
github.com/zephrfish/sandboxspy/pkg/client/client.go:265.2,268.16 3 0
github.com/zephrfish/sandboxspy/pkg/client/client.go:268.16,270.3 1 0
github.com/zephrfish/sandboxspy/pkg/client/client.go:271.2,273.38 2 0
github.com/zephrfish/sandboxspy/pkg/client/client.go:273.38,276.3 2 0
github.com/zephrfish/sandboxspy/pkg/client/client.go:278.2,279.16 2 0
github.com/zephrfish/sandboxspy/pkg/client/client.go:279.16,281.3 1 0
github.com/zephrfish/sandboxspy/pkg/client/client.go:283.2,283.18 1 0
github.com/zephrfish/sandboxspy/pkg/client/client.go:287.77,291.16 3 0
github.com/zephrfish/sandboxspy/pkg/client/client.go:291.16,293.3 1 0
github.com/zephrfish/sandboxspy/pkg/client/client.go:295.2,298.16 3 0
github.com/zephrfish/sandboxspy/pkg/client/client.go:298.16,300.3 1 0
github.com/zephrfish/sandboxspy/pkg/client/client.go:301.2,303.38 2 0
github.com/zephrfish/sandboxspy/pkg/client/client.go:303.38,305.3 1 0
github.com/zephrfish/sandboxspy/pkg/client/client.go:307.2,308.69 2 0
github.com/zephrfish/sandboxspy/pkg/client/client.go:308.69,310.3 1 0
github.com/zephrfish/sandboxspy/pkg/client/client.go:312.2,312.22 1 0
github.com/zephrfish/sandboxspy/pkg/client/client.go:316.80,320.16 3 0
github.com/zephrfish/sandboxspy/pkg/client/client.go:320.16,322.3 1 0
github.com/zephrfish/sandboxspy/pkg/client/client.go:324.2,327.16 3 0
github.com/zephrfish/sandboxspy/pkg/client/client.go:327.16,329.3 1 0
github.com/zephrfish/sandboxspy/pkg/client/client.go:330.2,332.38 2 0
github.com/zephrfish/sandboxspy/pkg/client/client.go:332.38,334.3 1 0
github.com/zephrfish/sandboxspy/pkg/client/client.go:336.2,337.66 2 0
github.com/zephrfish/sandboxspy/pkg/client/client.go:337.66,339.3 1 0
github.com/zephrfish/sandboxspy/pkg/client/client.go:341.2,341.20 1 0
github.com/zephrfish/sandboxspy/pkg/client/client.go:345.54,349.2 3 1
github.com/zephrfish/sandboxspy/pkg/client/client.go:352.31,354.2 1 1
github.com/zephrfish/sandboxspy/pkg/detector/advanced_common.go:17.46,21.2 1 0
github.com/zephrfish/sandboxspy/pkg/detector/advanced_common.go:24.66,53.16 4 1
github.com/zephrfish/sandboxspy/pkg/detector/advanced_common.go:53.16,55.3 1 0
github.com/zephrfish/sandboxspy/pkg/detector/advanced_common.go:57.2,57.35 1 1
github.com/zephrfish/sandboxspy/pkg/detector/advanced_common.go:57.35,59.46 2 1
github.com/zephrfish/sandboxspy/pkg/detector/advanced_common.go:59.46,60.12 1 1
github.com/zephrfish/sandboxspy/pkg/detector/advanced_common.go:63.3,64.44 2 1
github.com/zephrfish/sandboxspy/pkg/detector/advanced_common.go:64.44,65.43 1 1
github.com/zephrfish/sandboxspy/pkg/detector/advanced_common.go:65.43,67.10 2 0
github.com/zephrfish/sandboxspy/pkg/detector/advanced_common.go:71.3,71.38 1 1
github.com/zephrfish/sandboxspy/pkg/detector/advanced_common.go:71.38,73.4 1 1
github.com/zephrfish/sandboxspy/pkg/detector/advanced_common.go:76.2,76.15 1 1
github.com/zephrfish/sandboxspy/pkg/detector/advanced_common.go:80.58,82.20 2 1
github.com/zephrfish/sandboxspy/pkg/detector/advanced_common.go:82.20,84.3 1 1
github.com/zephrfish/sandboxspy/pkg/detector/advanced_common.go:86.2,134.49 3 1
github.com/zephrfish/sandboxspy/pkg/detector/advanced_common.go:134.49,135.81 1 1
github.com/zephrfish/sandboxspy/pkg/detector/advanced_common.go:135.81,137.4 1 0
github.com/zephrfish/sandboxspy/pkg/detector/advanced_common.go:141.2,141.24 1 1
github.com/zephrfish/sandboxspy/pkg/detector/advanced_common.go:141.24,143.3 1 0
github.com/zephrfish/sandboxspy/pkg/detector/advanced_common.go:146.2,147.32 2 1
github.com/zephrfish/sandboxspy/pkg/detector/advanced_common.go:147.32,148.31 1 1
github.com/zephrfish/sandboxspy/pkg/detector/advanced_common.go:148.31,150.9 2 1
github.com/zephrfish/sandboxspy/pkg/detector/advanced_common.go:153.2,153.15 1 1
github.com/zephrfish/sandboxspy/pkg/detector/advanced_common.go:153.15,155.3 1 0
github.com/zephrfish/sandboxspy/pkg/detector/advanced_common.go:157.2,157.14 1 1
github.com/zephrfish/sandboxspy/pkg/detector/advanced_common.go:161.57,165.25 2 1
github.com/zephrfish/sandboxspy/pkg/detector/advanced_common.go:165.25,171.36 4 1
github.com/zephrfish/sandboxspy/pkg/detector/advanced_common.go:171.36,173.4 1 0
github.com/zephrfish/sandboxspy/pkg/detector/advanced_common.go:177.2,177.23 1 1
github.com/zephrfish/sandboxspy/pkg/detector/advanced_common.go:181.55,185.27 1 1
github.com/zephrfish/sandboxspy/pkg/detector/advanced_common.go:185.27,187.3 1 0
github.com/zephrfish/sandboxspy/pkg/detector/advanced_common.go:195.2,195.34 1 1
github.com/zephrfish/sandboxspy/pkg/detector/advanced_common.go:195.34,197.3 1 0
github.com/zephrfish/sandboxspy/pkg/detector/advanced_common.go:199.2,199.14 1 1
github.com/zephrfish/sandboxspy/pkg/detector/advanced_common.go:203.60,261.36 2 1
github.com/zephrfish/sandboxspy/pkg/detector/advanced_common.go:261.36,262.42 1 1
github.com/zephrfish/sandboxspy/pkg/detector/advanced_common.go:262.42,264.4 1 1
github.com/zephrfish/sandboxspy/pkg/detector/advanced_common.go:268.2,270.16 3 0
github.com/zephrfish/sandboxspy/pkg/detector/advanced_common.go:270.16,272.33 2 0
github.com/zephrfish/sandboxspy/pkg/detector/advanced_common.go:272.33,280.40 2 0
github.com/zephrfish/sandboxspy/pkg/detector/advanced_common.go:280.40,282.5 1 0
github.com/zephrfish/sandboxspy/pkg/detector/advanced_common.go:284.3,284.27 1 0
github.com/zephrfish/sandboxspy/pkg/detector/advanced_common.go:284.27,286.4 1 0
github.com/zephrfish/sandboxspy/pkg/detector/advanced_common.go:289.2,289.14 1 0
github.com/zephrfish/sandboxspy/pkg/detector/advanced_common.go:293.74,314.30 4 0
github.com/zephrfish/sandboxspy/pkg/detector/advanced_common.go:314.30,316.22 2 0
github.com/zephrfish/sandboxspy/pkg/detector/advanced_common.go:316.22,317.12 1 0
github.com/zephrfish/sandboxspy/pkg/detector/advanced_common.go:320.3,323.36 3 0
github.com/zephrfish/sandboxspy/pkg/detector/advanced_common.go:323.36,324.55 1 0
github.com/zephrfish/sandboxspy/pkg/detector/advanced_common.go:324.55,326.5 1 0
github.com/zephrfish/sandboxspy/pkg/detector/advanced_common.go:331.2,331.49 1 0
github.com/zephrfish/sandboxspy/pkg/detector/advanced_common.go:331.49,337.42 2 0
github.com/zephrfish/sandboxspy/pkg/detector/advanced_common.go:337.42,339.4 1 0
github.com/zephrfish/sandboxspy/pkg/detector/advanced_common.go:342.2,342.19 1 0
github.com/zephrfish/sandboxspy/pkg/detector/advanced_other.go:8.58,10.2 1 0
github.com/zephrfish/sandboxspy/pkg/detector/advanced_other.go:13.56,15.2 1 0
github.com/zephrfish/sandboxspy/pkg/detector/advanced_other.go:18.58,20.2 1 0
github.com/zephrfish/sandboxspy/pkg/detector/advanced_other.go:23.53,26.2 1 1
github.com/zephrfish/sandboxspy/pkg/detector/advanced_other.go:29.57,31.2 1 1
github.com/zephrfish/sandboxspy/pkg/detector/detector.go:48.22,57.2 1 1
github.com/zephrfish/sandboxspy/pkg/detector/detector.go:60.56,68.27 4 1
github.com/zephrfish/sandboxspy/pkg/detector/detector.go:68.27,70.3 1 1
github.com/zephrfish/sandboxspy/pkg/detector/detector.go:71.2,85.30 8 1
github.com/zephrfish/sandboxspy/pkg/detector/detector.go:85.30,86.54 1 1
github.com/zephrfish/sandboxspy/pkg/detector/detector.go:86.54,89.4 2 0
github.com/zephrfish/sandboxspy/pkg/detector/detector.go:90.3,93.45 2 1
github.com/zephrfish/sandboxspy/pkg/detector/detector.go:93.45,96.4 2 1
github.com/zephrfish/sandboxspy/pkg/detector/detector.go:97.3,97.11 1 1
github.com/zephrfish/sandboxspy/pkg/detector/detector.go:100.2,100.33 1 1
github.com/zephrfish/sandboxspy/pkg/detector/detector.go:100.33,101.58 1 1
github.com/zephrfish/sandboxspy/pkg/detector/detector.go:101.58,104.4 2 0
github.com/zephrfish/sandboxspy/pkg/detector/detector.go:105.3,108.61 2 1
github.com/zephrfish/sandboxspy/pkg/detector/detector.go:108.61,112.4 3 0
github.com/zephrfish/sandboxspy/pkg/detector/detector.go:113.3,116.38 2 1
github.com/zephrfish/sandboxspy/pkg/detector/detector.go:116.38,119.4 2 0
github.com/zephrfish/sandboxspy/pkg/detector/detector.go:120.3,120.11 1 1
github.com/zephrfish/sandboxspy/pkg/detector/detector.go:123.2,123.33 1 1
github.com/zephrfish/sandboxspy/pkg/detector/detector.go:123.33,124.46 1 1
github.com/zephrfish/sandboxspy/pkg/detector/detector.go:124.46,126.4 1 0
github.com/zephrfish/sandboxspy/pkg/detector/detector.go:127.3,130.73 2 1
github.com/zephrfish/sandboxspy/pkg/detector/detector.go:130.73,131.40 1 1
github.com/zephrfish/sandboxspy/pkg/detector/detector.go:131.40,133.28 2 1
github.com/zephrfish/sandboxspy/pkg/detector/detector.go:133.28,136.6 2 0
github.com/zephrfish/sandboxspy/pkg/detector/detector.go:139.3,139.11 1 1
github.com/zephrfish/sandboxspy/pkg/detector/detector.go:142.2,142.46 1 1
github.com/zephrfish/sandboxspy/pkg/detector/detector.go:142.46,145.3 2 0
github.com/zephrfish/sandboxspy/pkg/detector/detector.go:147.2,147.46 1 1
github.com/zephrfish/sandboxspy/pkg/detector/detector.go:147.46,150.3 2 0
github.com/zephrfish/sandboxspy/pkg/detector/detector.go:153.2,153.42 1 1
github.com/zephrfish/sandboxspy/pkg/detector/detector.go:153.42,157.3 3 0
github.com/zephrfish/sandboxspy/pkg/detector/detector.go:159.2,159.32 1 1
github.com/zephrfish/sandboxspy/pkg/detector/detector.go:159.32,160.30 1 1
github.com/zephrfish/sandboxspy/pkg/detector/detector.go:160.30,163.4 2 0
github.com/zephrfish/sandboxspy/pkg/detector/detector.go:166.3,166.42 1 1
github.com/zephrfish/sandboxspy/pkg/detector/detector.go:166.42,169.4 2 0
github.com/zephrfish/sandboxspy/pkg/detector/detector.go:170.3,170.11 1 1
github.com/zephrfish/sandboxspy/pkg/detector/detector.go:174.2,174.31 1 1
github.com/zephrfish/sandboxspy/pkg/detector/detector.go:174.31,175.43 1 0
github.com/zephrfish/sandboxspy/pkg/detector/detector.go:175.43,178.4 2 0
github.com/zephrfish/sandboxspy/pkg/detector/detector.go:179.3,182.83 3 0
github.com/zephrfish/sandboxspy/pkg/detector/detector.go:182.83,185.4 2 0
github.com/zephrfish/sandboxspy/pkg/detector/detector.go:186.3,186.11 1 0
github.com/zephrfish/sandboxspy/pkg/detector/detector.go:190.2,190.39 1 1
github.com/zephrfish/sandboxspy/pkg/detector/detector.go:190.39,194.3 3 0
github.com/zephrfish/sandboxspy/pkg/detector/detector.go:197.2,197.71 1 1
github.com/zephrfish/sandboxspy/pkg/detector/detector.go:197.71,201.3 3 0
github.com/zephrfish/sandboxspy/pkg/detector/detector.go:204.2,204.16 1 1
github.com/zephrfish/sandboxspy/pkg/detector/detector.go:204.16,206.3 1 1
github.com/zephrfish/sandboxspy/pkg/detector/detector.go:209.2,225.15 10 1
github.com/zephrfish/sandboxspy/pkg/detector/detector.go:229.50,244.36 3 1
github.com/zephrfish/sandboxspy/pkg/detector/detector.go:244.36,245.42 1 1
github.com/zephrfish/sandboxspy/pkg/detector/detector.go:245.42,247.4 1 0
github.com/zephrfish/sandboxspy/pkg/detector/detector.go:250.2,250.17 1 1
github.com/zephrfish/sandboxspy/pkg/detector/detector.go:254.54,273.16 4 1
github.com/zephrfish/sandboxspy/pkg/detector/detector.go:273.16,275.3 1 0
github.com/zephrfish/sandboxspy/pkg/detector/detector.go:277.2,277.33 1 1
github.com/zephrfish/sandboxspy/pkg/detector/detector.go:277.33,279.44 2 1
github.com/zephrfish/sandboxspy/pkg/detector/detector.go:279.44,280.31 1 1
github.com/zephrfish/sandboxspy/pkg/detector/detector.go:280.31,282.5 1 0
github.com/zephrfish/sandboxspy/pkg/detector/detector.go:286.2,286.17 1 1
github.com/zephrfish/sandboxspy/pkg/detector/detector.go:290.57,300.27 2 1
github.com/zephrfish/sandboxspy/pkg/detector/detector.go:300.27,302.42 2 1
github.com/zephrfish/sandboxspy/pkg/detector/detector.go:302.42,303.47 1 1
github.com/zephrfish/sandboxspy/pkg/detector/detector.go:303.47,305.5 1 1
github.com/zephrfish/sandboxspy/pkg/detector/detector.go:309.2,309.14 1 1
github.com/zephrfish/sandboxspy/pkg/detector/detector.go:313.64,329.43 3 1
github.com/zephrfish/sandboxspy/pkg/detector/detector.go:329.43,330.64 1 1
github.com/zephrfish/sandboxspy/pkg/detector/detector.go:330.64,332.4 1 1
github.com/zephrfish/sandboxspy/pkg/detector/detector.go:335.2,335.14 1 1
github.com/zephrfish/sandboxspy/pkg/detector/detector.go:339.64,352.43 3 1
github.com/zephrfish/sandboxspy/pkg/detector/detector.go:352.43,353.48 1 1
github.com/zephrfish/sandboxspy/pkg/detector/detector.go:353.48,355.4 1 1
github.com/zephrfish/sandboxspy/pkg/detector/detector.go:358.2,358.14 1 1
github.com/zephrfish/sandboxspy/pkg/detector/detector.go:362.47,369.2 4 1
github.com/zephrfish/sandboxspy/pkg/detector/detector.go:372.51,376.16 3 1
github.com/zephrfish/sandboxspy/pkg/detector/detector.go:376.16,378.3 1 0
github.com/zephrfish/sandboxspy/pkg/detector/detector.go:380.2,380.31 1 1
github.com/zephrfish/sandboxspy/pkg/detector/detector.go:380.31,382.46 2 1
github.com/zephrfish/sandboxspy/pkg/detector/detector.go:382.46,384.4 1 1
github.com/zephrfish/sandboxspy/pkg/detector/detector.go:387.2,387.13 1 1
github.com/zephrfish/sandboxspy/pkg/detector/detector.go:391.43,393.16 2 1
github.com/zephrfish/sandboxspy/pkg/detector/detector.go:393.16,395.3 1 0
github.com/zephrfish/sandboxspy/pkg/detector/detector.go:396.2,399.30 3 1
github.com/zephrfish/sandboxspy/pkg/detector/detector.go:403.52,405.21 2 1
github.com/zephrfish/sandboxspy/pkg/detector/detector.go:405.21,407.3 1 1
github.com/zephrfish/sandboxspy/pkg/detector/detector.go:409.2,409.27 1 1
github.com/zephrfish/sandboxspy/pkg/detector/detector.go:409.27,411.22 2 1
github.com/zephrfish/sandboxspy/pkg/detector/detector.go:411.22,413.4 1 1
github.com/zephrfish/sandboxspy/pkg/detector/detector.go:416.2,416.11 1 0
github.com/zephrfish/sandboxspy/pkg/detector/detector.go:420.67,424.42 2 1
github.com/zephrfish/sandboxspy/pkg/detector/detector.go:424.42,427.46 2 1
github.com/zephrfish/sandboxspy/pkg/detector/detector.go:427.46,429.9 2 1
github.com/zephrfish/sandboxspy/pkg/detector/detector.go:431.3,431.46 1 1
github.com/zephrfish/sandboxspy/pkg/detector/detector.go:431.46,433.9 2 0
github.com/zephrfish/sandboxspy/pkg/detector/detector.go:438.2,438.40 1 1
github.com/zephrfish/sandboxspy/pkg/detector/detector.go:438.40,439.37 1 1
github.com/zephrfish/sandboxspy/pkg/detector/detector.go:439.37,441.4 1 1
github.com/zephrfish/sandboxspy/pkg/detector/detector.go:442.3,442.75 1 1
github.com/zephrfish/sandboxspy/pkg/detector/detector.go:442.75,444.4 1 0
github.com/zephrfish/sandboxspy/pkg/detector/detector.go:448.2,448.30 1 1
github.com/zephrfish/sandboxspy/pkg/detector/detector.go:448.30,450.3 1 1
github.com/zephrfish/sandboxspy/pkg/detector/detector.go:450.8,450.37 1 1
github.com/zephrfish/sandboxspy/pkg/detector/detector.go:450.37,452.3 1 0
github.com/zephrfish/sandboxspy/pkg/detector/detector.go:452.8,452.34 1 1
github.com/zephrfish/sandboxspy/pkg/detector/detector.go:452.34,454.3 1 1
github.com/zephrfish/sandboxspy/pkg/detector/detector.go:457.2,458.27 2 1
github.com/zephrfish/sandboxspy/pkg/detector/detector.go:458.27,460.3 1 1
github.com/zephrfish/sandboxspy/pkg/detector/detector.go:462.2,463.26 2 1
github.com/zephrfish/sandboxspy/pkg/detector/detector.go:463.26,465.3 1 1
github.com/zephrfish/sandboxspy/pkg/detector/detector.go:467.2,467.19 1 1
github.com/zephrfish/sandboxspy/pkg/detector/detector.go:471.72,480.2 3 1
github.com/zephrfish/sandboxspy/pkg/detector/detector.go:483.54,486.16 3 0
github.com/zephrfish/sandboxspy/pkg/detector/detector.go:486.16,488.3 1 0
github.com/zephrfish/sandboxspy/pkg/detector/detector.go:490.2,490.30 1 0
github.com/zephrfish/sandboxspy/pkg/detector/detector.go:494.53,496.2 1 1
github.com/zephrfish/sandboxspy/pkg/detector/detector.go:499.57,501.16 2 0
github.com/zephrfish/sandboxspy/pkg/detector/detector.go:501.16,503.3 1 0
github.com/zephrfish/sandboxspy/pkg/detector/detector.go:505.2,505.34 1 0
github.com/zephrfish/sandboxspy/pkg/security/ratelimit.go:27.68,40.2 3 1
github.com/zephrfish/sandboxspy/pkg/security/ratelimit.go:43.92,56.2 3 1
github.com/zephrfish/sandboxspy/pkg/security/ratelimit.go:59.47,64.13 4 1
github.com/zephrfish/sandboxspy/pkg/security/ratelimit.go:64.13,72.3 4 1
github.com/zephrfish/sandboxspy/pkg/security/ratelimit.go:74.2,80.41 4 1
github.com/zephrfish/sandboxspy/pkg/security/ratelimit.go:80.41,83.3 2 1
github.com/zephrfish/sandboxspy/pkg/security/ratelimit.go:86.2,86.18 1 1
github.com/zephrfish/sandboxspy/pkg/security/ratelimit.go:86.18,89.3 2 1
github.com/zephrfish/sandboxspy/pkg/security/ratelimit.go:91.2,91.14 1 1
github.com/zephrfish/sandboxspy/pkg/security/ratelimit.go:95.55,96.12 1 1
github.com/zephrfish/sandboxspy/pkg/security/ratelimit.go:96.12,98.3 1 1
github.com/zephrfish/sandboxspy/pkg/security/ratelimit.go:100.2,100.22 1 1
github.com/zephrfish/sandboxspy/pkg/security/ratelimit.go:100.22,102.3 1 0
github.com/zephrfish/sandboxspy/pkg/security/ratelimit.go:104.2,108.13 4 1
github.com/zephrfish/sandboxspy/pkg/security/ratelimit.go:108.13,116.3 4 1
github.com/zephrfish/sandboxspy/pkg/security/ratelimit.go:118.2,124.41 4 1
github.com/zephrfish/sandboxspy/pkg/security/ratelimit.go:124.41,127.3 2 0
github.com/zephrfish/sandboxspy/pkg/security/ratelimit.go:130.2,130.19 1 1
github.com/zephrfish/sandboxspy/pkg/security/ratelimit.go:130.19,133.3 2 1
github.com/zephrfish/sandboxspy/pkg/security/ratelimit.go:135.2,135.14 1 1
github.com/zephrfish/sandboxspy/pkg/security/ratelimit.go:139.52,144.13 4 1
github.com/zephrfish/sandboxspy/pkg/security/ratelimit.go:144.13,152.3 4 1
github.com/zephrfish/sandboxspy/pkg/security/ratelimit.go:154.2,162.21 6 1
github.com/zephrfish/sandboxspy/pkg/security/ratelimit.go:162.21,164.30 2 0
github.com/zephrfish/sandboxspy/pkg/security/ratelimit.go:164.30,166.4 1 0
github.com/zephrfish/sandboxspy/pkg/security/ratelimit.go:167.3,167.20 1 0
github.com/zephrfish/sandboxspy/pkg/security/ratelimit.go:171.2,171.18 1 1
github.com/zephrfish/sandboxspy/pkg/security/ratelimit.go:171.18,174.3 2 1
github.com/zephrfish/sandboxspy/pkg/security/ratelimit.go:176.2,176.14 1 1
github.com/zephrfish/sandboxspy/pkg/security/ratelimit.go:180.42,185.2 3 1
github.com/zephrfish/sandboxspy/pkg/security/ratelimit.go:188.35,193.2 3 1
github.com/zephrfish/sandboxspy/pkg/security/ratelimit.go:196.53,201.13 4 1
github.com/zephrfish/sandboxspy/pkg/security/ratelimit.go:201.13,203.3 1 1
github.com/zephrfish/sandboxspy/pkg/security/ratelimit.go:205.2,211.41 4 1
github.com/zephrfish/sandboxspy/pkg/security/ratelimit.go:211.41,214.3 2 0
github.com/zephrfish/sandboxspy/pkg/security/ratelimit.go:216.2,216.17 1 1
github.com/zephrfish/sandboxspy/pkg/security/ratelimit.go:220.59,225.13 4 1
github.com/zephrfish/sandboxspy/pkg/security/ratelimit.go:225.13,227.3 1 1
github.com/zephrfish/sandboxspy/pkg/security/ratelimit.go:229.2,232.37 3 0
github.com/zephrfish/sandboxspy/pkg/security/ratelimit.go:236.38,240.21 3 1
github.com/zephrfish/sandboxspy/pkg/security/ratelimit.go:240.21,242.3 1 0
github.com/zephrfish/sandboxspy/pkg/security/ratelimit.go:246.41,253.32 5 0
github.com/zephrfish/sandboxspy/pkg/security/ratelimit.go:253.32,255.36 2 0
github.com/zephrfish/sandboxspy/pkg/security/ratelimit.go:255.36,257.4 1 0
github.com/zephrfish/sandboxspy/pkg/security/ratelimit.go:258.3,258.16 1 0
github.com/zephrfish/sandboxspy/pkg/security/ratelimit.go:269.52,273.2 1 1
github.com/zephrfish/sandboxspy/pkg/security/ratelimit.go:276.92,281.2 3 1
github.com/zephrfish/sandboxspy/pkg/security/ratelimit.go:284.112,289.2 3 1
github.com/zephrfish/sandboxspy/pkg/security/ratelimit.go:292.80,297.13 4 1
github.com/zephrfish/sandboxspy/pkg/security/ratelimit.go:297.13,299.3 1 1
github.com/zephrfish/sandboxspy/pkg/security/ratelimit.go:301.2,301.21 1 1
github.com/zephrfish/sandboxspy/pkg/security/ratelimit.go:305.72,307.16 2 1
github.com/zephrfish/sandboxspy/pkg/security/ratelimit.go:307.16,309.3 1 1
github.com/zephrfish/sandboxspy/pkg/security/ratelimit.go:311.2,311.32 1 1
github.com/zephrfish/sandboxspy/pkg/security/validator.go:26.32,36.2 1 1
github.com/zephrfish/sandboxspy/pkg/security/validator.go:39.61,40.20 1 1
github.com/zephrfish/sandboxspy/pkg/security/validator.go:40.20,42.3 1 1
github.com/zephrfish/sandboxspy/pkg/security/validator.go:44.2,44.41 1 1
github.com/zephrfish/sandboxspy/pkg/security/validator.go:44.41,46.3 1 1
github.com/zephrfish/sandboxspy/pkg/security/validator.go:49.2,50.42 2 1
github.com/zephrfish/sandboxspy/pkg/security/validator.go:50.42,52.3 1 1
github.com/zephrfish/sandboxspy/pkg/security/validator.go:55.2,55.47 1 1
github.com/zephrfish/sandboxspy/pkg/security/validator.go:55.47,57.3 1 0
github.com/zephrfish/sandboxspy/pkg/security/validator.go:59.2,59.12 1 1
github.com/zephrfish/sandboxspy/pkg/security/validator.go:63.61,64.20 1 1
github.com/zephrfish/sandboxspy/pkg/security/validator.go:64.20,66.3 1 1
github.com/zephrfish/sandboxspy/pkg/security/validator.go:68.2,68.41 1 1
github.com/zephrfish/sandboxspy/pkg/security/validator.go:68.41,70.3 1 1
github.com/zephrfish/sandboxspy/pkg/security/validator.go:73.2,74.42 2 1
github.com/zephrfish/sandboxspy/pkg/security/validator.go:74.42,76.3 1 1
github.com/zephrfish/sandboxspy/pkg/security/validator.go:79.2,79.47 1 1
github.com/zephrfish/sandboxspy/pkg/security/validator.go:79.47,81.3 1 0
github.com/zephrfish/sandboxspy/pkg/security/validator.go:83.2,83.12 1 1
github.com/zephrfish/sandboxspy/pkg/security/validator.go:87.56,88.14 1 1
github.com/zephrfish/sandboxspy/pkg/security/validator.go:88.14,90.3 1 1
github.com/zephrfish/sandboxspy/pkg/security/validator.go:92.2,93.21 2 1
github.com/zephrfish/sandboxspy/pkg/security/validator.go:93.21,95.3 1 1
github.com/zephrfish/sandboxspy/pkg/security/validator.go:98.2,98.49 1 1
github.com/zephrfish/sandboxspy/pkg/security/validator.go:98.49,99.38 1 0
github.com/zephrfish/sandboxspy/pkg/security/validator.go:99.38,101.4 1 0
github.com/zephrfish/sandboxspy/pkg/security/validator.go:105.2,105.32 1 1
github.com/zephrfish/sandboxspy/pkg/security/validator.go:105.32,107.50 2 0
github.com/zephrfish/sandboxspy/pkg/security/validator.go:107.50,108.39 1 0
github.com/zephrfish/sandboxspy/pkg/security/validator.go:108.39,110.10 2 0
github.com/zephrfish/sandboxspy/pkg/security/validator.go:113.3,113.15 1 0
github.com/zephrfish/sandboxspy/pkg/security/validator.go:113.15,115.4 1 0
github.com/zephrfish/sandboxspy/pkg/security/validator.go:118.2,118.12 1 1
github.com/zephrfish/sandboxspy/pkg/security/validator.go:122.58,123.15 1 1
github.com/zephrfish/sandboxspy/pkg/security/validator.go:123.15,125.3 1 1
github.com/zephrfish/sandboxspy/pkg/security/validator.go:128.2,129.32 2 1
github.com/zephrfish/sandboxspy/pkg/security/validator.go:129.32,131.3 1 1
github.com/zephrfish/sandboxspy/pkg/security/validator.go:133.2,133.12 1 1
github.com/zephrfish/sandboxspy/pkg/security/validator.go:137.63,138.19 1 1
github.com/zephrfish/sandboxspy/pkg/security/validator.go:138.19,140.3 1 1
github.com/zephrfish/sandboxspy/pkg/security/validator.go:142.2,142.39 1 1
github.com/zephrfish/sandboxspy/pkg/security/validator.go:142.39,144.3 1 1
github.com/zephrfish/sandboxspy/pkg/security/validator.go:147.2,147.47 1 1
github.com/zephrfish/sandboxspy/pkg/security/validator.go:147.47,149.3 1 1
github.com/zephrfish/sandboxspy/pkg/security/validator.go:152.2,152.46 1 1
github.com/zephrfish/sandboxspy/pkg/security/validator.go:152.46,154.3 1 1
github.com/zephrfish/sandboxspy/pkg/security/validator.go:156.2,156.12 1 1
github.com/zephrfish/sandboxspy/pkg/security/validator.go:160.57,161.16 1 1
github.com/zephrfish/sandboxspy/pkg/security/validator.go:161.16,163.3 1 1
github.com/zephrfish/sandboxspy/pkg/security/validator.go:165.2,165.33 1 1
github.com/zephrfish/sandboxspy/pkg/security/validator.go:165.33,167.3 1 1
github.com/zephrfish/sandboxspy/pkg/security/validator.go:170.2,170.44 1 1
github.com/zephrfish/sandboxspy/pkg/security/validator.go:170.44,172.3 1 1
github.com/zephrfish/sandboxspy/pkg/security/validator.go:175.2,176.39 2 1
github.com/zephrfish/sandboxspy/pkg/security/validator.go:176.39,178.3 1 0
github.com/zephrfish/sandboxspy/pkg/security/validator.go:181.2,181.43 1 1
github.com/zephrfish/sandboxspy/pkg/security/validator.go:181.43,183.3 1 1
github.com/zephrfish/sandboxspy/pkg/security/validator.go:185.2,185.12 1 1
github.com/zephrfish/sandboxspy/pkg/security/validator.go:189.56,190.19 1 1
github.com/zephrfish/sandboxspy/pkg/security/validator.go:190.19,192.3 1 1
github.com/zephrfish/sandboxspy/pkg/security/validator.go:195.2,195.44 1 1
github.com/zephrfish/sandboxspy/pkg/security/validator.go:195.44,197.3 1 1
github.com/zephrfish/sandboxspy/pkg/security/validator.go:200.2,201.61 2 1
github.com/zephrfish/sandboxspy/pkg/security/validator.go:201.61,203.3 1 1
github.com/zephrfish/sandboxspy/pkg/security/validator.go:205.2,205.12 1 1
github.com/zephrfish/sandboxspy/pkg/security/validator.go:209.57,226.37 5 1
github.com/zephrfish/sandboxspy/pkg/security/validator.go:226.37,228.3 1 1
github.com/zephrfish/sandboxspy/pkg/security/validator.go:230.2,230.14 1 1
github.com/zephrfish/sandboxspy/pkg/security/validator.go:234.57,235.18 1 1
github.com/zephrfish/sandboxspy/pkg/security/validator.go:235.18,237.3 1 1
github.com/zephrfish/sandboxspy/pkg/security/validator.go:240.2,241.38 2 1
github.com/zephrfish/sandboxspy/pkg/security/validator.go:241.38,243.3 1 1
github.com/zephrfish/sandboxspy/pkg/security/validator.go:246.2,246.22 1 1
github.com/zephrfish/sandboxspy/pkg/security/validator.go:246.22,248.3 1 1
github.com/zephrfish/sandboxspy/pkg/security/validator.go:250.2,250.12 1 1
github.com/zephrfish/sandboxspy/pkg/security/validator.go:254.57,255.18 1 1
github.com/zephrfish/sandboxspy/pkg/security/validator.go:255.18,257.3 1 1
github.com/zephrfish/sandboxspy/pkg/security/validator.go:260.2,261.38 2 1
github.com/zephrfish/sandboxspy/pkg/security/validator.go:261.38,263.3 1 1
github.com/zephrfish/sandboxspy/pkg/security/validator.go:266.2,266.45 1 1
github.com/zephrfish/sandboxspy/pkg/security/validator.go:266.45,268.3 1 0
github.com/zephrfish/sandboxspy/pkg/security/validator.go:270.2,270.12 1 1
github.com/zephrfish/sandboxspy/pkg/security/validator.go:274.67,275.23 1 1
github.com/zephrfish/sandboxspy/pkg/security/validator.go:275.23,277.3 1 1
github.com/zephrfish/sandboxspy/pkg/security/validator.go:280.2,281.48 2 1
github.com/zephrfish/sandboxspy/pkg/security/validator.go:281.48,283.3 1 1
github.com/zephrfish/sandboxspy/pkg/security/validator.go:285.2,285.12 1 1
github.com/zephrfish/sandboxspy/pkg/security/validator.go:289.55,292.27 2 1
github.com/zephrfish/sandboxspy/pkg/security/validator.go:292.27,293.16 1 1
github.com/zephrfish/sandboxspy/pkg/security/validator.go:293.16,294.12 1 1
github.com/zephrfish/sandboxspy/pkg/security/validator.go:297.3,297.20 1 1
github.com/zephrfish/sandboxspy/pkg/security/validator.go:297.20,299.4 1 1
github.com/zephrfish/sandboxspy/pkg/security/validator.go:301.3,301.33 1 1
github.com/zephrfish/sandboxspy/pkg/security/validator.go:301.33,303.4 1 1
github.com/zephrfish/sandboxspy/pkg/security/validator.go:306.3,306.43 1 1
github.com/zephrfish/sandboxspy/pkg/security/validator.go:306.43,308.4 1 0
github.com/zephrfish/sandboxspy/pkg/security/validator.go:311.2,311.12 1 1
github.com/zephrfish/sandboxspy/pkg/security/validator.go:315.63,318.27 2 1
github.com/zephrfish/sandboxspy/pkg/security/validator.go:318.27,320.17 2 1
github.com/zephrfish/sandboxspy/pkg/security/validator.go:320.17,322.4 1 1
github.com/zephrfish/sandboxspy/pkg/security/validator.go:323.3,323.55 1 1
github.com/zephrfish/sandboxspy/pkg/security/validator.go:326.2,326.12 1 1
github.com/zephrfish/sandboxspy/pkg/security/validator.go:330.63,333.27 2 1
github.com/zephrfish/sandboxspy/pkg/security/validator.go:333.27,335.17 2 1
github.com/zephrfish/sandboxspy/pkg/security/validator.go:335.17,337.4 1 1
github.com/zephrfish/sandboxspy/pkg/security/validator.go:338.3,338.55 1 1
github.com/zephrfish/sandboxspy/pkg/security/validator.go:341.2,341.12 1 1
github.com/zephrfish/sandboxspy/cmd/client/main.go:21.13,26.16 3 0
github.com/zephrfish/sandboxspy/cmd/client/main.go:26.16,29.3 2 0
github.com/zephrfish/sandboxspy/cmd/client/main.go:32.2,64.119 9 0
github.com/zephrfish/sandboxspy/cmd/client/main.go:64.119,68.34 2 0
github.com/zephrfish/sandboxspy/cmd/client/main.go:69.17,74.44 3 0
github.com/zephrfish/sandboxspy/cmd/client/main.go:74.44,76.5 1 0
github.com/zephrfish/sandboxspy/cmd/client/main.go:76.10,78.56 1 0
github.com/zephrfish/sandboxspy/cmd/client/main.go:78.56,80.6 1 0
github.com/zephrfish/sandboxspy/cmd/client/main.go:80.11,84.55 2 0
github.com/zephrfish/sandboxspy/cmd/client/main.go:84.55,86.37 2 0
github.com/zephrfish/sandboxspy/cmd/client/main.go:86.37,88.8 1 0
github.com/zephrfish/sandboxspy/cmd/client/main.go:93.19,94.82 1 0
github.com/zephrfish/sandboxspy/cmd/client/main.go:96.11,97.71 1 0
github.com/zephrfish/sandboxspy/cmd/client/main.go:99.8,102.3 1 0
github.com/zephrfish/sandboxspy/cmd/client/main.go:105.2,105.72 1 0
github.com/zephrfish/sandboxspy/cmd/client/main.go:105.72,110.17 4 0
github.com/zephrfish/sandboxspy/cmd/client/main.go:110.17,112.4 1 0
github.com/zephrfish/sandboxspy/cmd/client/main.go:112.9,117.69 2 0
github.com/zephrfish/sandboxspy/cmd/client/main.go:117.69,119.5 1 0
github.com/zephrfish/sandboxspy/cmd/client/main.go:119.10,121.5 1 0
github.com/zephrfish/sandboxspy/cmd/client/main.go:162.51,164.16 2 0
github.com/zephrfish/sandboxspy/cmd/client/main.go:164.16,166.3 1 0
github.com/zephrfish/sandboxspy/cmd/client/main.go:168.2,169.54 2 0
github.com/zephrfish/sandboxspy/cmd/client/main.go:169.54,171.3 1 0
github.com/zephrfish/sandboxspy/cmd/client/main.go:173.2,173.21 1 0
github.com/zephrfish/sandboxspy/cmd/client/main.go:176.33,178.2 1 0
github.com/zephrfish/sandboxspy/cmd/client/main.go:180.72,182.16 2 0
github.com/zephrfish/sandboxspy/cmd/client/main.go:182.16,184.3 1 0
github.com/zephrfish/sandboxspy/cmd/client/main.go:186.2,186.47 1 0
github.com/zephrfish/sandboxspy/cmd/client/main.go:189.13,194.75 2 0
github.com/zephrfish/sandboxspy/cmd/client/main.go:194.75,197.3 2 0
github.com/zephrfish/sandboxspy/SandboxSpy.go:28.27,47.44 3 0
github.com/zephrfish/sandboxspy/SandboxSpy.go:47.44,48.46 1 0
github.com/zephrfish/sandboxspy/SandboxSpy.go:48.46,50.4 1 0
github.com/zephrfish/sandboxspy/SandboxSpy.go:52.2,52.31 1 0
github.com/zephrfish/sandboxspy/SandboxSpy.go:52.31,54.3 1 0
github.com/zephrfish/sandboxspy/SandboxSpy.go:54.8,56.3 1 0
github.com/zephrfish/sandboxspy/SandboxSpy.go:60.27,63.51 3 0
github.com/zephrfish/sandboxspy/SandboxSpy.go:63.51,64.53 1 0
github.com/zephrfish/sandboxspy/SandboxSpy.go:64.53,66.4 1 0
github.com/zephrfish/sandboxspy/SandboxSpy.go:69.2,69.37 1 0
github.com/zephrfish/sandboxspy/SandboxSpy.go:69.37,71.3 1 0
github.com/zephrfish/sandboxspy/SandboxSpy.go:71.8,73.3 1 0
github.com/zephrfish/sandboxspy/SandboxSpy.go:77.27,80.37 3 0
github.com/zephrfish/sandboxspy/SandboxSpy.go:80.37,81.43 1 0
github.com/zephrfish/sandboxspy/SandboxSpy.go:81.43,83.4 1 0
github.com/zephrfish/sandboxspy/SandboxSpy.go:86.2,86.33 1 0
github.com/zephrfish/sandboxspy/SandboxSpy.go:86.33,88.3 1 0
github.com/zephrfish/sandboxspy/SandboxSpy.go:88.8,90.3 1 0
github.com/zephrfish/sandboxspy/SandboxSpy.go:94.33,97.16 3 0
github.com/zephrfish/sandboxspy/SandboxSpy.go:97.16,99.3 1 0
github.com/zephrfish/sandboxspy/SandboxSpy.go:101.2,101.29 1 0
github.com/zephrfish/sandboxspy/SandboxSpy.go:105.22,109.2 2 0
github.com/zephrfish/sandboxspy/SandboxSpy.go:112.38,114.16 2 0
github.com/zephrfish/sandboxspy/SandboxSpy.go:114.16,116.3 1 0
github.com/zephrfish/sandboxspy/SandboxSpy.go:118.2,118.34 1 0
github.com/zephrfish/sandboxspy/SandboxSpy.go:122.24,129.40 7 0
github.com/zephrfish/sandboxspy/SandboxSpy.go:129.40,131.3 1 0
github.com/zephrfish/sandboxspy/SandboxSpy.go:132.2,132.10 1 0
github.com/zephrfish/sandboxspy/SandboxSpy.go:136.32,140.2 1 0
github.com/zephrfish/sandboxspy/SandboxSpy.go:143.22,149.31 4 0
github.com/zephrfish/sandboxspy/SandboxSpy.go:149.31,150.34 1 0
github.com/zephrfish/sandboxspy/SandboxSpy.go:150.34,151.92 1 0
github.com/zephrfish/sandboxspy/SandboxSpy.go:151.92,153.5 1 0
github.com/zephrfish/sandboxspy/SandboxSpy.go:157.2,157.17 1 0
github.com/zephrfish/sandboxspy/SandboxSpy.go:162.31,165.27 3 0
github.com/zephrfish/sandboxspy/SandboxSpy.go:165.27,167.3 1 0
github.com/zephrfish/sandboxspy/SandboxSpy.go:168.2,168.10 1 0
github.com/zephrfish/sandboxspy/SandboxSpy.go:195.27,201.28 2 0
github.com/zephrfish/sandboxspy/SandboxSpy.go:201.28,203.16 2 0
github.com/zephrfish/sandboxspy/SandboxSpy.go:203.16,205.4 1 0
github.com/zephrfish/sandboxspy/SandboxSpy.go:208.2,208.14 1 0
github.com/zephrfish/sandboxspy/SandboxSpy.go:211.13,217.16 3 0
github.com/zephrfish/sandboxspy/SandboxSpy.go:217.16,221.3 2 0
github.com/zephrfish/sandboxspy/SandboxSpy.go:224.2,251.103 9 0
github.com/zephrfish/sandboxspy/SandboxSpy.go:251.103,255.34 2 0
github.com/zephrfish/sandboxspy/SandboxSpy.go:256.19,258.91 2 0
github.com/zephrfish/sandboxspy/SandboxSpy.go:259.11,260.73 1 0
github.com/zephrfish/sandboxspy/SandboxSpy.go:263.3,263.21 1 0
github.com/zephrfish/sandboxspy/SandboxSpy.go:263.21,267.48 2 0
github.com/zephrfish/sandboxspy/SandboxSpy.go:267.48,269.48 1 0
github.com/zephrfish/sandboxspy/SandboxSpy.go:269.48,271.6 1 0
github.com/zephrfish/sandboxspy/SandboxSpy.go:271.11,273.6 1 0
github.com/zephrfish/sandboxspy/SandboxSpy.go:277.4,277.35 1 0
github.com/zephrfish/sandboxspy/SandboxSpy.go:277.35,279.67 2 0
github.com/zephrfish/sandboxspy/SandboxSpy.go:279.67,281.6 1 0
github.com/zephrfish/sandboxspy/SandboxSpy.go:287.2,287.72 1 0
github.com/zephrfish/sandboxspy/SandboxSpy.go:287.72,289.3 1 0
github.com/zephrfish/sandboxspy/SandboxSpy.go:293.27,305.31 2 0
github.com/zephrfish/sandboxspy/SandboxSpy.go:305.31,306.12 1 0
github.com/zephrfish/sandboxspy/SandboxSpy.go:306.12,308.4 1 0
github.com/zephrfish/sandboxspy/SandboxSpy.go:311.2,311.14 1 0
github.com/zephrfish/sandboxspy/SandboxSpy.go:315.53,322.2 2 0
github.com/zephrfish/sandboxspy/SandboxSpy.go:348.51,350.16 2 0
github.com/zephrfish/sandboxspy/SandboxSpy.go:350.16,352.3 1 0
github.com/zephrfish/sandboxspy/SandboxSpy.go:354.2,355.54 2 0
github.com/zephrfish/sandboxspy/SandboxSpy.go:355.54,357.3 1 0
github.com/zephrfish/sandboxspy/SandboxSpy.go:359.2,359.21 1 0
github.com/zephrfish/sandboxspy/SandboxSpy.go:363.33,379.2 1 0
github.com/zephrfish/sandboxspy/SandboxSpy.go:382.72,389.16 5 0
github.com/zephrfish/sandboxspy/SandboxSpy.go:389.16,392.3 2 0
github.com/zephrfish/sandboxspy/SandboxSpy.go:394.2,398.16 4 0
github.com/zephrfish/sandboxspy/SandboxSpy.go:398.16,401.3 2 0
github.com/zephrfish/sandboxspy/SandboxSpy.go:402.2,402.25 1 0
github.com/zephrfish/sandboxspy/blocklist_export.go:21.68,25.2 1 0
github.com/zephrfish/sandboxspy/blocklist_export.go:28.64,30.16 2 0
github.com/zephrfish/sandboxspy/blocklist_export.go:30.16,32.3 1 0
github.com/zephrfish/sandboxspy/blocklist_export.go:35.2,43.16 7 0
github.com/zephrfish/sandboxspy/blocklist_export.go:43.16,45.3 1 0
github.com/zephrfish/sandboxspy/blocklist_export.go:48.2,48.67 1 0
github.com/zephrfish/sandboxspy/blocklist_export.go:48.67,50.3 1 0
github.com/zephrfish/sandboxspy/blocklist_export.go:52.2,52.12 1 0
github.com/zephrfish/sandboxspy/blocklist_export.go:56.63,58.16 2 0
github.com/zephrfish/sandboxspy/blocklist_export.go:58.16,60.3 1 0
github.com/zephrfish/sandboxspy/blocklist_export.go:63.2,64.16 2 0
github.com/zephrfish/sandboxspy/blocklist_export.go:64.16,66.3 1 0
github.com/zephrfish/sandboxspy/blocklist_export.go:67.2,77.47 7 0
github.com/zephrfish/sandboxspy/blocklist_export.go:77.47,79.3 1 0
github.com/zephrfish/sandboxspy/blocklist_export.go:82.2,84.47 3 0
github.com/zephrfish/sandboxspy/blocklist_export.go:84.47,86.3 1 0
github.com/zephrfish/sandboxspy/blocklist_export.go:89.2,91.45 3 0
github.com/zephrfish/sandboxspy/blocklist_export.go:91.45,93.3 1 0
github.com/zephrfish/sandboxspy/blocklist_export.go:96.2,98.50 3 0
github.com/zephrfish/sandboxspy/blocklist_export.go:98.50,100.3 1 0
github.com/zephrfish/sandboxspy/blocklist_export.go:103.2,105.46 3 0
github.com/zephrfish/sandboxspy/blocklist_export.go:105.46,107.3 1 0
github.com/zephrfish/sandboxspy/blocklist_export.go:109.2,109.12 1 0
github.com/zephrfish/sandboxspy/blocklist_export.go:113.63,115.16 2 0
github.com/zephrfish/sandboxspy/blocklist_export.go:115.16,117.3 1 0
github.com/zephrfish/sandboxspy/blocklist_export.go:120.2,121.16 2 0
github.com/zephrfish/sandboxspy/blocklist_export.go:121.16,123.3 1 0
github.com/zephrfish/sandboxspy/blocklist_export.go:124.2,132.45 5 0
github.com/zephrfish/sandboxspy/blocklist_export.go:132.45,134.3 1 0
github.com/zephrfish/sandboxspy/blocklist_export.go:137.2,137.47 1 0
github.com/zephrfish/sandboxspy/blocklist_export.go:137.47,145.46 2 0
github.com/zephrfish/sandboxspy/blocklist_export.go:145.46,147.4 1 0
github.com/zephrfish/sandboxspy/blocklist_export.go:151.2,151.47 1 0
github.com/zephrfish/sandboxspy/blocklist_export.go:151.47,159.46 2 0
github.com/zephrfish/sandboxspy/blocklist_export.go:159.46,161.4 1 0
github.com/zephrfish/sandboxspy/blocklist_export.go:165.2,165.45 1 0
github.com/zephrfish/sandboxspy/blocklist_export.go:165.45,173.46 2 0
github.com/zephrfish/sandboxspy/blocklist_export.go:173.46,175.4 1 0
github.com/zephrfish/sandboxspy/blocklist_export.go:179.2,179.50 1 0
github.com/zephrfish/sandboxspy/blocklist_export.go:179.50,187.46 2 0
github.com/zephrfish/sandboxspy/blocklist_export.go:187.46,189.4 1 0
github.com/zephrfish/sandboxspy/blocklist_export.go:193.2,193.46 1 0
github.com/zephrfish/sandboxspy/blocklist_export.go:193.46,201.46 2 0
github.com/zephrfish/sandboxspy/blocklist_export.go:201.46,203.4 1 0
github.com/zephrfish/sandboxspy/blocklist_export.go:206.2,206.12 1 0
github.com/zephrfish/sandboxspy/blocklist_export.go:210.64,212.16 2 0
github.com/zephrfish/sandboxspy/blocklist_export.go:212.16,214.3 1 0
github.com/zephrfish/sandboxspy/blocklist_export.go:217.2,228.47 3 0
github.com/zephrfish/sandboxspy/blocklist_export.go:228.47,241.3 2 0
github.com/zephrfish/sandboxspy/blocklist_export.go:244.2,244.45 1 0
github.com/zephrfish/sandboxspy/blocklist_export.go:244.45,257.3 2 0
github.com/zephrfish/sandboxspy/blocklist_export.go:259.2,263.16 3 0
github.com/zephrfish/sandboxspy/blocklist_export.go:263.16,265.3 1 0
github.com/zephrfish/sandboxspy/blocklist_export.go:268.2,268.67 1 0
github.com/zephrfish/sandboxspy/blocklist_export.go:268.67,270.3 1 0
github.com/zephrfish/sandboxspy/blocklist_export.go:272.2,272.12 1 0
github.com/zephrfish/sandboxspy/blocklist_export.go:276.70,278.16 2 0
github.com/zephrfish/sandboxspy/blocklist_export.go:278.16,280.3 1 0
github.com/zephrfish/sandboxspy/blocklist_export.go:283.2,284.16 2 0
github.com/zephrfish/sandboxspy/blocklist_export.go:284.16,286.3 1 0
github.com/zephrfish/sandboxspy/blocklist_export.go:287.2,297.47 6 0
github.com/zephrfish/sandboxspy/blocklist_export.go:297.47,301.3 2 0
github.com/zephrfish/sandboxspy/blocklist_export.go:304.2,304.45 1 0
github.com/zephrfish/sandboxspy/blocklist_export.go:304.45,306.24 2 0
github.com/zephrfish/sandboxspy/blocklist_export.go:306.24,310.4 2 0
github.com/zephrfish/sandboxspy/blocklist_export.go:314.2,314.46 1 0
github.com/zephrfish/sandboxspy/blocklist_export.go:314.46,318.3 2 0
github.com/zephrfish/sandboxspy/blocklist_export.go:320.2,320.12 1 0
github.com/zephrfish/sandboxspy/blocklist_export.go:324.67,328.90 2 0
github.com/zephrfish/sandboxspy/blocklist_export.go:328.90,330.3 1 0
github.com/zephrfish/sandboxspy/blocklist_export.go:333.2,333.88 1 0
github.com/zephrfish/sandboxspy/blocklist_export.go:333.88,335.3 1 0
github.com/zephrfish/sandboxspy/blocklist_export.go:338.2,338.88 1 0
github.com/zephrfish/sandboxspy/blocklist_export.go:338.88,340.3 1 0
github.com/zephrfish/sandboxspy/blocklist_export.go:343.2,343.95 1 0
github.com/zephrfish/sandboxspy/blocklist_export.go:343.95,345.3 1 0
github.com/zephrfish/sandboxspy/blocklist_export.go:348.2,348.97 1 0
github.com/zephrfish/sandboxspy/blocklist_export.go:348.97,350.3 1 0
github.com/zephrfish/sandboxspy/blocklist_export.go:352.2,352.12 1 0
github.com/zephrfish/sandboxspy/blocklist_export.go:356.28,363.2 1 0
github.com/zephrfish/sandboxspy/blocklist_export.go:366.62,368.16 2 0
github.com/zephrfish/sandboxspy/blocklist_export.go:368.16,370.3 1 0
github.com/zephrfish/sandboxspy/blocklist_export.go:372.2,381.19 2 0
github.com/zephrfish/sandboxspy/cloud_storage.go:64.81,72.2 1 0
github.com/zephrfish/sandboxspy/cloud_storage.go:75.60,78.12 2 0
github.com/zephrfish/sandboxspy/cloud_storage.go:78.12,81.3 1 0
github.com/zephrfish/sandboxspy/cloud_storage.go:84.2,95.27 6 0
github.com/zephrfish/sandboxspy/cloud_storage.go:95.27,97.3 1 0
github.com/zephrfish/sandboxspy/cloud_storage.go:100.2,107.16 4 0
github.com/zephrfish/sandboxspy/cloud_storage.go:107.16,109.3 1 0
github.com/zephrfish/sandboxspy/cloud_storage.go:111.2,112.16 2 0
github.com/zephrfish/sandboxspy/cloud_storage.go:112.16,114.3 1 0
github.com/zephrfish/sandboxspy/cloud_storage.go:116.2,119.16 3 0
github.com/zephrfish/sandboxspy/cloud_storage.go:119.16,121.3 1 0
github.com/zephrfish/sandboxspy/cloud_storage.go:122.2,124.38 2 0
github.com/zephrfish/sandboxspy/cloud_storage.go:124.38,127.3 2 0
github.com/zephrfish/sandboxspy/cloud_storage.go:130.2,134.12 4 0
github.com/zephrfish/sandboxspy/cloud_storage.go:138.66,144.16 3 0
github.com/zephrfish/sandboxspy/cloud_storage.go:144.16,146.3 1 0
github.com/zephrfish/sandboxspy/cloud_storage.go:147.2,150.67 3 0
github.com/zephrfish/sandboxspy/cloud_storage.go:150.67,152.3 1 0
github.com/zephrfish/sandboxspy/cloud_storage.go:154.2,154.35 1 0
github.com/zephrfish/sandboxspy/cloud_storage.go:154.35,160.56 3 0
github.com/zephrfish/sandboxspy/cloud_storage.go:160.56,163.4 2 0
github.com/zephrfish/sandboxspy/cloud_storage.go:166.3,183.13 9 0
github.com/zephrfish/sandboxspy/cloud_storage.go:186.2,186.12 1 0
github.com/zephrfish/sandboxspy/cloud_storage.go:190.69,193.32 2 0
github.com/zephrfish/sandboxspy/cloud_storage.go:193.32,200.28 6 0
github.com/zephrfish/sandboxspy/cloud_storage.go:200.28,202.4 1 0
github.com/zephrfish/sandboxspy/cloud_storage.go:204.3,205.30 2 0
github.com/zephrfish/sandboxspy/cloud_storage.go:208.2,211.16 3 0
github.com/zephrfish/sandboxspy/cloud_storage.go:211.16,213.3 1 0
github.com/zephrfish/sandboxspy/cloud_storage.go:215.2,216.16 2 0
github.com/zephrfish/sandboxspy/cloud_storage.go:216.16,218.3 1 0
github.com/zephrfish/sandboxspy/cloud_storage.go:220.2,223.16 3 0
github.com/zephrfish/sandboxspy/cloud_storage.go:223.16,225.3 1 0
github.com/zephrfish/sandboxspy/cloud_storage.go:226.2,228.12 2 0
github.com/zephrfish/sandboxspy/cloud_storage.go:232.73,235.42 2 0
github.com/zephrfish/sandboxspy/cloud_storage.go:235.42,238.3 2 0
github.com/zephrfish/sandboxspy/cloud_storage.go:239.2,246.16 4 0
github.com/zephrfish/sandboxspy/cloud_storage.go:246.16,248.3 1 0
github.com/zephrfish/sandboxspy/cloud_storage.go:249.2,252.67 3 0
github.com/zephrfish/sandboxspy/cloud_storage.go:252.67,254.3 1 0
github.com/zephrfish/sandboxspy/cloud_storage.go:256.2,263.20 5 0
github.com/zephrfish/sandboxspy/cloud_storage.go:267.62,282.16 4 0
github.com/zephrfish/sandboxspy/cloud_storage.go:282.16,284.3 1 0
github.com/zephrfish/sandboxspy/cloud_storage.go:285.2,288.68 3 0
github.com/zephrfish/sandboxspy/cloud_storage.go:288.68,290.3 1 0
github.com/zephrfish/sandboxspy/cloud_storage.go:293.2,299.32 6 0
github.com/zephrfish/sandboxspy/cloud_storage.go:299.32,301.30 1 0
github.com/zephrfish/sandboxspy/cloud_storage.go:301.30,303.28 2 0
github.com/zephrfish/sandboxspy/cloud_storage.go:303.28,305.5 1 0
github.com/zephrfish/sandboxspy/cloud_storage.go:306.4,306.27 1 0
github.com/zephrfish/sandboxspy/cloud_storage.go:306.27,308.5 1 0
github.com/zephrfish/sandboxspy/cloud_storage.go:311.4,311.43 1 0
github.com/zephrfish/sandboxspy/cloud_storage.go:311.43,312.22 1 0
github.com/zephrfish/sandboxspy/cloud_storage.go:312.22,315.6 2 0
github.com/zephrfish/sandboxspy/cloud_storage.go:319.4,319.41 1 0
github.com/zephrfish/sandboxspy/cloud_storage.go:319.41,321.5 1 0
github.com/zephrfish/sandboxspy/cloud_storage.go:326.2,326.36 1 0
github.com/zephrfish/sandboxspy/cloud_storage.go:326.36,328.3 1 0
github.com/zephrfish/sandboxspy/cloud_storage.go:329.2,329.36 1 0
github.com/zephrfish/sandboxspy/cloud_storage.go:329.36,331.3 1 0
github.com/zephrfish/sandboxspy/cloud_storage.go:332.2,332.34 1 0
github.com/zephrfish/sandboxspy/cloud_storage.go:332.34,334.3 1 0
github.com/zephrfish/sandboxspy/cloud_storage.go:335.2,335.38 1 0
github.com/zephrfish/sandboxspy/cloud_storage.go:335.38,337.3 1 0
github.com/zephrfish/sandboxspy/cloud_storage.go:338.2,338.34 1 0
github.com/zephrfish/sandboxspy/cloud_storage.go:338.34,340.3 1 0
github.com/zephrfish/sandboxspy/cloud_storage.go:342.2,346.23 4 0
github.com/zephrfish/sandboxspy/cloud_storage.go:351.50,356.2 1 0
github.com/zephrfish/sandboxspy/cloud_storage.go:358.54,365.40 4 0
github.com/zephrfish/sandboxspy/cloud_storage.go:365.40,366.42 1 0
github.com/zephrfish/sandboxspy/cloud_storage.go:366.42,368.4 1 0
github.com/zephrfish/sandboxspy/cloud_storage.go:372.2,373.41 2 0
github.com/zephrfish/sandboxspy/cloud_storage.go:373.41,374.42 1 0
github.com/zephrfish/sandboxspy/cloud_storage.go:374.42,375.42 1 0
github.com/zephrfish/sandboxspy/cloud_storage.go:375.42,377.10 2 0
github.com/zephrfish/sandboxspy/cloud_storage.go:383.2,383.30 1 0
github.com/zephrfish/sandboxspy/cloud_storage.go:383.30,385.3 1 0
github.com/zephrfish/sandboxspy/cloud_storage.go:388.2,388.30 1 0
github.com/zephrfish/sandboxspy/cloud_storage.go:388.30,390.3 1 0
github.com/zephrfish/sandboxspy/cloud_storage.go:393.2,393.22 1 0
github.com/zephrfish/sandboxspy/cloud_storage.go:393.22,395.3 1 0
github.com/zephrfish/sandboxspy/cloud_storage.go:397.2,397.19 1 0
github.com/zephrfish/sandboxspy/cloud_storage.go:400.45,402.15 2 0
github.com/zephrfish/sandboxspy/cloud_storage.go:402.15,404.3 1 0
github.com/zephrfish/sandboxspy/cloud_storage.go:407.2,407.21 1 0
github.com/zephrfish/sandboxspy/cloud_storage.go:407.21,409.22 2 0
github.com/zephrfish/sandboxspy/cloud_storage.go:409.22,411.4 1 0
github.com/zephrfish/sandboxspy/cloud_storage.go:414.2,414.11 1 0
github.com/zephrfish/sandboxspy/cloud_storage.go:417.48,421.37 2 0
github.com/zephrfish/sandboxspy/cloud_storage.go:421.37,423.3 1 0
github.com/zephrfish/sandboxspy/cloud_storage.go:424.2,424.41 1 0
github.com/zephrfish/sandboxspy/cloud_storage.go:424.41,426.3 1 0
github.com/zephrfish/sandboxspy/cloud_storage.go:429.2,430.43 2 0
github.com/zephrfish/sandboxspy/cloud_storage.go:430.43,432.3 1 0
github.com/zephrfish/sandboxspy/cloud_storage.go:433.2,433.42 1 0
github.com/zephrfish/sandboxspy/cloud_storage.go:433.42,435.3 1 0
github.com/zephrfish/sandboxspy/cloud_storage.go:438.2,438.29 1 0
github.com/zephrfish/sandboxspy/cloud_storage.go:438.29,440.3 1 0
github.com/zephrfish/sandboxspy/cloud_storage.go:440.8,440.36 1 0
github.com/zephrfish/sandboxspy/cloud_storage.go:440.36,442.3 1 0
github.com/zephrfish/sandboxspy/cloud_storage.go:444.2,444.13 1 0
github.com/zephrfish/sandboxspy/cloud_storage.go:447.56,449.41 1 0
github.com/zephrfish/sandboxspy/cloud_storage.go:449.41,452.41 1 0
github.com/zephrfish/sandboxspy/cloud_storage.go:452.41,454.4 1 0
github.com/zephrfish/sandboxspy/cloud_storage.go:458.2,458.39 1 0
github.com/zephrfish/sandboxspy/cloud_storage.go:458.39,460.56 1 0
github.com/zephrfish/sandboxspy/cloud_storage.go:460.56,462.4 1 0
github.com/zephrfish/sandboxspy/cloud_storage.go:465.2,465.14 1 0
github.com/zephrfish/sandboxspy/cloud_storage.go:468.60,470.41 1 0
github.com/zephrfish/sandboxspy/cloud_storage.go:470.41,471.41 1 0
github.com/zephrfish/sandboxspy/cloud_storage.go:471.41,473.4 1 0
github.com/zephrfish/sandboxspy/cloud_storage.go:477.2,477.39 1 0
github.com/zephrfish/sandboxspy/cloud_storage.go:477.39,478.54 1 0
github.com/zephrfish/sandboxspy/cloud_storage.go:478.54,480.4 1 0
github.com/zephrfish/sandboxspy/cloud_storage.go:483.2,483.14 1 0
github.com/zephrfish/sandboxspy/cloud_storage.go:486.51,489.32 2 0
github.com/zephrfish/sandboxspy/cloud_storage.go:489.32,491.3 1 0
github.com/zephrfish/sandboxspy/cloud_storage.go:493.2,493.27 1 0
github.com/zephrfish/sandboxspy/cloud_storage.go:493.27,495.3 1 0
github.com/zephrfish/sandboxspy/cloud_storage.go:497.2,498.30 2 0
github.com/zephrfish/sandboxspy/cloud_storage.go:498.30,500.3 1 0
github.com/zephrfish/sandboxspy/cloud_storage.go:502.2,502.15 1 0
github.com/zephrfish/sandboxspy/logger.go:42.63,50.2 1 0
github.com/zephrfish/sandboxspy/logger.go:53.64,62.2 4 0
github.com/zephrfish/sandboxspy/logger.go:65.59,77.19 4 0
github.com/zephrfish/sandboxspy/logger.go:77.19,79.3 1 0
github.com/zephrfish/sandboxspy/logger.go:82.2,83.20 2 0
github.com/zephrfish/sandboxspy/logger.go:83.20,85.3 1 0
github.com/zephrfish/sandboxspy/logger.go:88.2,97.13 7 0
github.com/zephrfish/sandboxspy/logger.go:101.54,105.2 3 0
github.com/zephrfish/sandboxspy/logger.go:108.59,110.16 2 0
github.com/zephrfish/sandboxspy/logger.go:110.16,112.3 1 0
github.com/zephrfish/sandboxspy/logger.go:114.2,115.16 2 0
github.com/zephrfish/sandboxspy/logger.go:115.16,117.3 1 0
github.com/zephrfish/sandboxspy/logger.go:119.2,124.16 5 0
github.com/zephrfish/sandboxspy/logger.go:124.16,126.3 1 0
github.com/zephrfish/sandboxspy/logger.go:127.2,129.79 2 0
github.com/zephrfish/sandboxspy/logger.go:129.79,131.3 1 0
github.com/zephrfish/sandboxspy/logger.go:133.2,133.12 1 0
github.com/zephrfish/sandboxspy/logger.go:137.68,140.37 2 0
github.com/zephrfish/sandboxspy/logger.go:140.37,142.17 2 0
github.com/zephrfish/sandboxspy/logger.go:142.17,144.4 1 0
github.com/zephrfish/sandboxspy/logger.go:146.3,148.54 2 0
github.com/zephrfish/sandboxspy/logger.go:151.2,151.74 1 0
github.com/zephrfish/sandboxspy/logger.go:155.45,162.33 6 0
github.com/zephrfish/sandboxspy/logger.go:162.33,163.52 1 0
github.com/zephrfish/sandboxspy/logger.go:163.52,167.4 2 0
github.com/zephrfish/sandboxspy/logger.go:170.2,170.12 1 0
github.com/zephrfish/sandboxspy/logger.go:174.66,181.16 3 0
github.com/zephrfish/sandboxspy/logger.go:181.16,183.3 1 0
github.com/zephrfish/sandboxspy/logger.go:185.2,186.16 2 0
github.com/zephrfish/sandboxspy/logger.go:186.16,188.3 1 0
github.com/zephrfish/sandboxspy/logger.go:190.2,195.16 5 0
github.com/zephrfish/sandboxspy/logger.go:195.16,197.3 1 0
github.com/zephrfish/sandboxspy/logger.go:198.2,200.79 2 0
github.com/zephrfish/sandboxspy/logger.go:200.79,202.3 1 0
github.com/zephrfish/sandboxspy/logger.go:204.2,204.12 1 0
github.com/zephrfish/sandboxspy/ntp.go:10.29,19.16 3 0
github.com/zephrfish/sandboxspy/ntp.go:19.16,21.3 1 0
github.com/zephrfish/sandboxspy/ntp.go:22.2,39.77 13 0
github.com/zephrfish/sandboxspy/ntp.go:43.29,46.16 2 0
github.com/zephrfish/sandboxspy/ntp.go:46.16,48.3 1 0
github.com/zephrfish/sandboxspy/ntp.go:49.2,52.30 3 0
github.com/zephrfish/sandboxspy/server_client.go:20.62,26.2 1 0
github.com/zephrfish/sandboxspy/server_client.go:29.69,33.16 3 0
github.com/zephrfish/sandboxspy/server_client.go:33.16,35.3 1 0
github.com/zephrfish/sandboxspy/server_client.go:37.2,38.16 2 0
github.com/zephrfish/sandboxspy/server_client.go:38.16,40.3 1 0
github.com/zephrfish/sandboxspy/server_client.go:42.2,46.16 4 0
github.com/zephrfish/sandboxspy/server_client.go:46.16,48.3 1 0
github.com/zephrfish/sandboxspy/server_client.go:49.2,51.79 2 0
github.com/zephrfish/sandboxspy/server_client.go:51.79,54.3 2 0
github.com/zephrfish/sandboxspy/server_client.go:56.2,56.12 1 0
github.com/zephrfish/sandboxspy/server_client.go:60.67,68.16 4 0
github.com/zephrfish/sandboxspy/server_client.go:68.16,70.3 1 0
github.com/zephrfish/sandboxspy/server_client.go:72.2,73.16 2 0
github.com/zephrfish/sandboxspy/server_client.go:73.16,75.3 1 0
github.com/zephrfish/sandboxspy/server_client.go:77.2,81.16 4 0
github.com/zephrfish/sandboxspy/server_client.go:81.16,83.3 1 0
github.com/zephrfish/sandboxspy/server_client.go:84.2,86.79 2 0
github.com/zephrfish/sandboxspy/server_client.go:86.79,89.3 2 0
github.com/zephrfish/sandboxspy/server_client.go:91.2,91.12 1 0
github.com/zephrfish/sandboxspy/server_client.go:95.60,99.16 3 0
github.com/zephrfish/sandboxspy/server_client.go:99.16,101.3 1 0
github.com/zephrfish/sandboxspy/server_client.go:103.2,106.16 3 0
github.com/zephrfish/sandboxspy/server_client.go:106.16,108.3 1 0
github.com/zephrfish/sandboxspy/server_client.go:109.2,111.38 2 0
github.com/zephrfish/sandboxspy/server_client.go:111.38,113.3 1 0
github.com/zephrfish/sandboxspy/server_client.go:115.2,116.70 2 0
github.com/zephrfish/sandboxspy/server_client.go:116.70,118.3 1 0
github.com/zephrfish/sandboxspy/server_client.go:120.2,120.24 1 0
github.com/zephrfish/sandboxspy/server_client.go:124.79,128.16 3 0
github.com/zephrfish/sandboxspy/server_client.go:128.16,130.3 1 0
github.com/zephrfish/sandboxspy/server_client.go:132.2,135.16 3 0
github.com/zephrfish/sandboxspy/server_client.go:135.16,137.3 1 0
github.com/zephrfish/sandboxspy/server_client.go:138.2,140.38 2 0
github.com/zephrfish/sandboxspy/server_client.go:140.38,142.3 1 0
github.com/zephrfish/sandboxspy/server_client.go:144.2,145.68 2 0
github.com/zephrfish/sandboxspy/server_client.go:145.68,147.3 1 0
github.com/zephrfish/sandboxspy/server_client.go:149.2,149.21 1 0
github.com/zephrfish/sandboxspy/server_client.go:153.73,157.16 3 0
github.com/zephrfish/sandboxspy/server_client.go:157.16,159.3 1 0
github.com/zephrfish/sandboxspy/server_client.go:161.2,164.16 3 0
github.com/zephrfish/sandboxspy/server_client.go:164.16,166.3 1 0
github.com/zephrfish/sandboxspy/server_client.go:167.2,169.38 2 0
github.com/zephrfish/sandboxspy/server_client.go:169.38,171.3 1 0
github.com/zephrfish/sandboxspy/server_client.go:173.2,174.66 2 0
github.com/zephrfish/sandboxspy/server_client.go:174.66,176.3 1 0
github.com/zephrfish/sandboxspy/server_client.go:178.2,178.19 1 0
github.com/zephrfish/sandboxspy/server_client.go:182.45,186.16 3 0
github.com/zephrfish/sandboxspy/server_client.go:186.16,188.3 1 0
github.com/zephrfish/sandboxspy/server_client.go:189.2,191.38 2 0
github.com/zephrfish/sandboxspy/server_client.go:191.38,193.3 1 0
github.com/zephrfish/sandboxspy/server_client.go:195.2,195.12 1 0
github.com/zephrfish/sandboxspy/server_client.go:199.72,203.16 3 0
github.com/zephrfish/sandboxspy/server_client.go:203.16,205.3 1 0
github.com/zephrfish/sandboxspy/server_client.go:207.2,210.16 3 0
github.com/zephrfish/sandboxspy/server_client.go:210.16,212.3 1 0
github.com/zephrfish/sandboxspy/server_client.go:213.2,215.38 2 0
github.com/zephrfish/sandboxspy/server_client.go:215.38,217.3 1 0
github.com/zephrfish/sandboxspy/server_client.go:219.2,220.16 2 0
github.com/zephrfish/sandboxspy/server_client.go:220.16,222.3 1 0
github.com/zephrfish/sandboxspy/server_client.go:224.2,224.18 1 0
github.com/zephrfish/sandboxspy/utils.go:13.37,16.16 3 0
github.com/zephrfish/sandboxspy/utils.go:16.16,18.3 1 0
github.com/zephrfish/sandboxspy/utils.go:20.2,20.31 1 0
github.com/zephrfish/sandboxspy/utils.go:20.31,22.46 2 0
github.com/zephrfish/sandboxspy/utils.go:22.46,24.4 1 0
github.com/zephrfish/sandboxspy/utils.go:27.2,27.13 1 0
github.com/zephrfish/sandboxspy/utils.go:31.42,70.36 3 0
github.com/zephrfish/sandboxspy/utils.go:70.36,71.23 1 0
github.com/zephrfish/sandboxspy/utils.go:71.23,73.4 1 0
github.com/zephrfish/sandboxspy/utils.go:76.2,76.22 1 0
github.com/zephrfish/sandboxspy/utils.go:80.35,81.49 1 0
github.com/zephrfish/sandboxspy/utils.go:81.49,83.3 1 0
github.com/zephrfish/sandboxspy/utils.go:84.2,84.14 1 0
github.com/zephrfish/sandboxspy/utils.go:88.28,90.16 2 0
github.com/zephrfish/sandboxspy/utils.go:90.16,92.3 1 0
github.com/zephrfish/sandboxspy/utils.go:93.2,93.23 1 0
github.com/zephrfish/sandboxspy/utils.go:97.24,99.2 1 0
github.com/zephrfish/sandboxspy/utils.go:102.29,105.16 3 0
github.com/zephrfish/sandboxspy/utils.go:105.16,107.3 1 0
github.com/zephrfish/sandboxspy/utils.go:108.2,108.19 1 0
github.com/zephrfish/sandboxspy/utils.go:112.40,130.16 4 0
github.com/zephrfish/sandboxspy/utils.go:130.16,132.3 1 0
github.com/zephrfish/sandboxspy/utils.go:134.2,134.33 1 0
github.com/zephrfish/sandboxspy/utils.go:134.33,136.53 2 0
github.com/zephrfish/sandboxspy/utils.go:136.53,137.31 1 0
github.com/zephrfish/sandboxspy/utils.go:137.31,139.5 1 0
github.com/zephrfish/sandboxspy/utils.go:143.2,143.19 1 0
github.com/zephrfish/sandboxspy/cmd/server/main.go:22.13,31.14 3 0
github.com/zephrfish/sandboxspy/cmd/server/main.go:31.14,34.3 2 0
github.com/zephrfish/sandboxspy/cmd/server/main.go:37.2,38.12 2 0
github.com/zephrfish/sandboxspy/cmd/server/main.go:38.12,40.3 1 0
github.com/zephrfish/sandboxspy/cmd/server/main.go:40.8,42.3 1 0
github.com/zephrfish/sandboxspy/cmd/server/main.go:43.2,54.16 4 0
github.com/zephrfish/sandboxspy/cmd/server/main.go:54.16,56.3 1 0
github.com/zephrfish/sandboxspy/cmd/server/main.go:59.2,62.41 2 0
github.com/zephrfish/sandboxspy/cmd/server/main.go:62.41,64.3 1 0
github.com/zephrfish/sandboxspy/cmd/server/main.go:67.2,73.12 5 0
github.com/zephrfish/sandboxspy/cmd/server/main.go:73.12,77.3 3 0
github.com/zephrfish/sandboxspy/cmd/server/main.go:80.2,81.12 2 0
github.com/zephrfish/sandboxspy/cmd/server/main.go:81.12,83.3 1 0
github.com/zephrfish/sandboxspy/cmd/server/main.go:86.2,86.9 1 0
github.com/zephrfish/sandboxspy/cmd/server/main.go:87.26,88.17 1 0
github.com/zephrfish/sandboxspy/cmd/server/main.go:88.17,90.4 1 0
github.com/zephrfish/sandboxspy/cmd/server/main.go:91.20,98.51 4 0
github.com/zephrfish/sandboxspy/cmd/server/main.go:98.51,100.4 1 0
github.com/zephrfish/sandboxspy/cmd/server/main.go:103.2,103.31 1 0
github.com/zephrfish/sandboxspy/cmd/server/main.go:106.13,109.2 1 0
github.com/zephrfish/sandboxspy/pkg/middleware/security.go:25.117,40.2 5 1
github.com/zephrfish/sandboxspy/pkg/middleware/security.go:43.78,44.20 1 1
github.com/zephrfish/sandboxspy/pkg/middleware/security.go:44.20,46.3 1 1
github.com/zephrfish/sandboxspy/pkg/middleware/security.go:48.2,49.18 2 1
github.com/zephrfish/sandboxspy/pkg/middleware/security.go:49.18,52.3 1 1
github.com/zephrfish/sandboxspy/pkg/middleware/security.go:54.2,54.18 1 1
github.com/zephrfish/sandboxspy/pkg/middleware/security.go:54.18,56.3 1 1
github.com/zephrfish/sandboxspy/pkg/middleware/security.go:59.2,59.60 1 1
github.com/zephrfish/sandboxspy/pkg/middleware/security.go:59.60,62.3 2 1
github.com/zephrfish/sandboxspy/pkg/middleware/security.go:64.2,65.24 2 1
github.com/zephrfish/sandboxspy/pkg/middleware/security.go:69.86,70.54 1 1
github.com/zephrfish/sandboxspy/pkg/middleware/security.go:70.54,72.13 2 1
github.com/zephrfish/sandboxspy/pkg/middleware/security.go:72.13,75.4 2 1
github.com/zephrfish/sandboxspy/pkg/middleware/security.go:78.3,80.13 2 1
github.com/zephrfish/sandboxspy/pkg/middleware/security.go:85.91,86.54 1 1
github.com/zephrfish/sandboxspy/pkg/middleware/security.go:86.54,88.21 2 1
github.com/zephrfish/sandboxspy/pkg/middleware/security.go:88.21,90.4 1 0
github.com/zephrfish/sandboxspy/pkg/middleware/security.go:93.3,94.47 2 1
github.com/zephrfish/sandboxspy/pkg/middleware/security.go:94.47,96.4 1 0
github.com/zephrfish/sandboxspy/pkg/middleware/security.go:99.3,100.17 2 1
github.com/zephrfish/sandboxspy/pkg/middleware/security.go:100.17,103.4 1 0
github.com/zephrfish/sandboxspy/pkg/middleware/security.go:105.3,105.15 1 1
github.com/zephrfish/sandboxspy/pkg/middleware/security.go:105.15,108.22 2 1
github.com/zephrfish/sandboxspy/pkg/middleware/security.go:108.22,112.5 3 1
github.com/zephrfish/sandboxspy/pkg/middleware/security.go:114.4,115.10 2 1
github.com/zephrfish/sandboxspy/pkg/middleware/security.go:119.3,119.66 1 1
github.com/zephrfish/sandboxspy/pkg/middleware/security.go:119.66,124.4 4 1
github.com/zephrfish/sandboxspy/pkg/middleware/security.go:126.3,126.13 1 1
github.com/zephrfish/sandboxspy/pkg/middleware/security.go:131.95,132.54 1 1
github.com/zephrfish/sandboxspy/pkg/middleware/security.go:132.54,134.96 1 1
github.com/zephrfish/sandboxspy/pkg/middleware/security.go:134.96,137.4 2 0
github.com/zephrfish/sandboxspy/pkg/middleware/security.go:140.3,140.47 1 1
github.com/zephrfish/sandboxspy/pkg/middleware/security.go:140.47,143.49 3 1
github.com/zephrfish/sandboxspy/pkg/middleware/security.go:143.49,146.5 2 1
github.com/zephrfish/sandboxspy/pkg/middleware/security.go:149.4,149.58 1 1
github.com/zephrfish/sandboxspy/pkg/middleware/security.go:149.58,152.5 2 1
github.com/zephrfish/sandboxspy/pkg/middleware/security.go:155.4,156.18 2 1
github.com/zephrfish/sandboxspy/pkg/middleware/security.go:156.18,159.5 2 0
github.com/zephrfish/sandboxspy/pkg/middleware/security.go:162.4,163.47 2 1
github.com/zephrfish/sandboxspy/pkg/middleware/security.go:166.3,166.13 1 1
github.com/zephrfish/sandboxspy/pkg/middleware/security.go:171.92,172.54 1 1
github.com/zephrfish/sandboxspy/pkg/middleware/security.go:172.54,174.32 1 1
github.com/zephrfish/sandboxspy/pkg/middleware/security.go:174.32,177.4 2 1
github.com/zephrfish/sandboxspy/pkg/middleware/security.go:180.3,181.38 2 1
github.com/zephrfish/sandboxspy/pkg/middleware/security.go:181.38,184.4 2 1
github.com/zephrfish/sandboxspy/pkg/middleware/security.go:186.3,186.13 1 1
github.com/zephrfish/sandboxspy/pkg/middleware/security.go:191.97,192.54 1 1
github.com/zephrfish/sandboxspy/pkg/middleware/security.go:192.54,201.67 6 1
github.com/zephrfish/sandboxspy/pkg/middleware/security.go:201.67,203.4 1 1
github.com/zephrfish/sandboxspy/pkg/middleware/security.go:205.3,205.13 1 1
github.com/zephrfish/sandboxspy/pkg/middleware/security.go:210.86,212.70 1 1
github.com/zephrfish/sandboxspy/pkg/middleware/security.go:212.70,214.3 1 1
github.com/zephrfish/sandboxspy/pkg/middleware/security.go:217.2,217.70 1 1
github.com/zephrfish/sandboxspy/pkg/middleware/security.go:217.70,219.3 1 1
github.com/zephrfish/sandboxspy/pkg/middleware/security.go:222.2,222.66 1 1
github.com/zephrfish/sandboxspy/pkg/middleware/security.go:222.66,224.3 1 0
github.com/zephrfish/sandboxspy/pkg/middleware/security.go:227.2,227.72 1 1
github.com/zephrfish/sandboxspy/pkg/middleware/security.go:227.72,229.3 1 0
github.com/zephrfish/sandboxspy/pkg/middleware/security.go:232.2,232.41 1 1
github.com/zephrfish/sandboxspy/pkg/middleware/security.go:232.41,233.62 1 1
github.com/zephrfish/sandboxspy/pkg/middleware/security.go:233.62,235.4 1 0
github.com/zephrfish/sandboxspy/pkg/middleware/security.go:239.2,239.42 1 1
github.com/zephrfish/sandboxspy/pkg/middleware/security.go:239.42,240.67 1 1
github.com/zephrfish/sandboxspy/pkg/middleware/security.go:240.67,242.4 1 0
github.com/zephrfish/sandboxspy/pkg/middleware/security.go:246.2,246.39 1 1
github.com/zephrfish/sandboxspy/pkg/middleware/security.go:246.39,247.61 1 1
github.com/zephrfish/sandboxspy/pkg/middleware/security.go:247.61,249.4 1 0
github.com/zephrfish/sandboxspy/pkg/middleware/security.go:253.2,253.76 1 1
github.com/zephrfish/sandboxspy/pkg/middleware/security.go:253.76,255.3 1 0
github.com/zephrfish/sandboxspy/pkg/middleware/security.go:258.2,258.62 1 1
github.com/zephrfish/sandboxspy/pkg/middleware/security.go:258.62,260.3 1 0
github.com/zephrfish/sandboxspy/pkg/middleware/security.go:263.2,267.12 4 1
github.com/zephrfish/sandboxspy/pkg/middleware/security.go:277.60,278.28 1 1
github.com/zephrfish/sandboxspy/pkg/middleware/security.go:278.28,280.3 1 0
github.com/zephrfish/sandboxspy/pkg/middleware/security.go:282.2,284.15 3 1
github.com/zephrfish/sandboxspy/pkg/middleware/security.go:288.40,290.2 1 0
github.com/zephrfish/sandboxspy/pkg/middleware/security.go:293.108,294.55 1 1
github.com/zephrfish/sandboxspy/pkg/middleware/security.go:294.55,295.46 1 1
github.com/zephrfish/sandboxspy/pkg/middleware/security.go:295.46,297.4 1 1
github.com/zephrfish/sandboxspy/pkg/middleware/security.go:298.3,298.15 1 1
github.com/zephrfish/sandboxspy/server/database.go:65.41,67.2 1 0
github.com/zephrfish/sandboxspy/server/database.go:70.40,73.16 3 0
github.com/zephrfish/sandboxspy/server/database.go:73.16,75.3 1 0
github.com/zephrfish/sandboxspy/server/database.go:78.2,134.46 2 0
github.com/zephrfish/sandboxspy/server/database.go:134.46,136.3 1 0
github.com/zephrfish/sandboxspy/server/database.go:138.2,138.12 1 0
github.com/zephrfish/sandboxspy/server/database.go:142.62,164.2 8 0
github.com/zephrfish/sandboxspy/server/database.go:167.62,190.2 8 0
github.com/zephrfish/sandboxspy/server/database.go:193.70,196.2 2 0
github.com/zephrfish/sandboxspy/server/database.go:199.82,202.2 2 0
github.com/zephrfish/sandboxspy/server/database.go:205.92,218.16 5 0
github.com/zephrfish/sandboxspy/server/database.go:218.16,220.3 1 0
github.com/zephrfish/sandboxspy/server/database.go:223.2,229.20 6 0
github.com/zephrfish/sandboxspy/server/database.go:233.52,237.2 3 0
github.com/zephrfish/sandboxspy/server/database.go:240.91,250.16 4 0
github.com/zephrfish/sandboxspy/server/database.go:250.16,252.3 1 0
github.com/zephrfish/sandboxspy/server/database.go:253.2,255.33 2 0
github.com/zephrfish/sandboxspy/server/database.go:259.76,263.22 3 0
github.com/zephrfish/sandboxspy/server/database.go:263.22,266.3 2 0
github.com/zephrfish/sandboxspy/server/database.go:268.2,268.22 1 0
github.com/zephrfish/sandboxspy/server/database.go:268.22,271.3 2 0
github.com/zephrfish/sandboxspy/server/database.go:273.2,273.20 1 0
github.com/zephrfish/sandboxspy/server/database.go:273.20,276.3 2 0
github.com/zephrfish/sandboxspy/server/database.go:278.2,278.21 1 0
github.com/zephrfish/sandboxspy/server/database.go:278.21,281.3 2 0
github.com/zephrfish/sandboxspy/server/database.go:283.2,283.25 1 0
github.com/zephrfish/sandboxspy/server/database.go:283.25,286.3 2 0
github.com/zephrfish/sandboxspy/server/database.go:288.2,288.27 1 0
github.com/zephrfish/sandboxspy/server/database.go:288.27,291.3 2 0
github.com/zephrfish/sandboxspy/server/database.go:293.2,293.25 1 0
github.com/zephrfish/sandboxspy/server/database.go:293.25,296.3 2 0
github.com/zephrfish/sandboxspy/server/database.go:298.2,299.25 2 0
github.com/zephrfish/sandboxspy/server/database.go:299.25,301.3 1 0
github.com/zephrfish/sandboxspy/server/database.go:303.2,304.16 2 0
github.com/zephrfish/sandboxspy/server/database.go:304.16,306.3 1 0
github.com/zephrfish/sandboxspy/server/database.go:308.2,317.16 4 0
github.com/zephrfish/sandboxspy/server/database.go:317.16,319.3 1 0
github.com/zephrfish/sandboxspy/server/database.go:320.2,322.33 2 0
github.com/zephrfish/sandboxspy/server/database.go:326.77,329.18 2 0
github.com/zephrfish/sandboxspy/server/database.go:329.18,342.17 5 0
github.com/zephrfish/sandboxspy/server/database.go:342.17,343.12 1 0
github.com/zephrfish/sandboxspy/server/database.go:347.3,353.35 6 0
github.com/zephrfish/sandboxspy/server/database.go:356.2,356.21 1 0
github.com/zephrfish/sandboxspy/server/database.go:360.56,373.16 4 0
github.com/zephrfish/sandboxspy/server/database.go:373.16,375.3 1 0
github.com/zephrfish/sandboxspy/server/database.go:378.2,380.16 3 0
github.com/zephrfish/sandboxspy/server/database.go:380.16,382.3 1 0
github.com/zephrfish/sandboxspy/server/database.go:385.2,387.16 3 0
github.com/zephrfish/sandboxspy/server/database.go:387.16,389.3 1 0
github.com/zephrfish/sandboxspy/server/database.go:392.2,395.23 3 0
github.com/zephrfish/sandboxspy/server/database.go:399.84,401.25 2 0
github.com/zephrfish/sandboxspy/server/database.go:401.25,403.3 1 0
github.com/zephrfish/sandboxspy/server/database.go:405.2,413.23 5 0
github.com/zephrfish/sandboxspy/server/database.go:417.67,419.16 2 0
github.com/zephrfish/sandboxspy/server/database.go:419.16,421.3 1 0
github.com/zephrfish/sandboxspy/server/database.go:422.2,425.18 3 0
github.com/zephrfish/sandboxspy/server/database.go:425.18,427.43 2 0
github.com/zephrfish/sandboxspy/server/database.go:427.43,429.4 1 0
github.com/zephrfish/sandboxspy/server/database.go:432.2,432.21 1 0
github.com/zephrfish/sandboxspy/server/database.go:436.69,466.2 18 0
github.com/zephrfish/sandboxspy/server/database.go:469.86,479.16 3 0
github.com/zephrfish/sandboxspy/server/database.go:479.16,481.3 1 0
github.com/zephrfish/sandboxspy/server/database.go:482.2,485.18 3 0
github.com/zephrfish/sandboxspy/server/database.go:485.18,488.50 3 0
github.com/zephrfish/sandboxspy/server/database.go:488.50,493.4 1 0
github.com/zephrfish/sandboxspy/server/database.go:496.2,496.22 1 0
github.com/zephrfish/sandboxspy/server/database.go:500.81,527.2 8 0
github.com/zephrfish/sandboxspy/server/database.go:530.92,532.16 2 0
github.com/zephrfish/sandboxspy/server/database.go:532.16,534.3 1 0
github.com/zephrfish/sandboxspy/server/database.go:535.2,538.18 3 0
github.com/zephrfish/sandboxspy/server/database.go:538.18,541.50 3 0
github.com/zephrfish/sandboxspy/server/database.go:541.50,546.4 1 0
github.com/zephrfish/sandboxspy/server/database.go:549.2,549.19 1 0
github.com/zephrfish/sandboxspy/server/database.go:553.73,557.16 3 0
github.com/zephrfish/sandboxspy/server/database.go:557.16,559.3 1 0
github.com/zephrfish/sandboxspy/server/database.go:561.2,566.19 5 0
github.com/zephrfish/sandboxspy/server/database.go:570.77,574.2 3 0
github.com/zephrfish/sandboxspy/server/database.go:577.38,581.2 3 0
github.com/zephrfish/sandboxspy/server/database.go:584.35,585.18 1 0
github.com/zephrfish/sandboxspy/server/database.go:585.18,587.3 1 0
github.com/zephrfish/sandboxspy/server/database.go:588.2,588.12 1 0
github.com/zephrfish/sandboxspy/server/server.go:68.46,75.73 1 0
github.com/zephrfish/sandboxspy/server/server.go:75.73,75.88 1 0
github.com/zephrfish/sandboxspy/server/server.go:81.37,83.42 1 0
github.com/zephrfish/sandboxspy/server/server.go:83.42,85.3 1 0
github.com/zephrfish/sandboxspy/server/server.go:88.2,91.25 4 0
github.com/zephrfish/sandboxspy/server/server.go:91.25,93.3 1 0
github.com/zephrfish/sandboxspy/server/server.go:96.2,123.30 16 0
github.com/zephrfish/sandboxspy/server/server.go:123.30,126.3 2 0
github.com/zephrfish/sandboxspy/server/server.go:129.2,129.30 1 0
github.com/zephrfish/sandboxspy/server/server.go:129.30,132.3 2 0
github.com/zephrfish/sandboxspy/server/server.go:134.2,134.12 1 0
github.com/zephrfish/sandboxspy/server/server.go:139.68,140.71 1 0
github.com/zephrfish/sandboxspy/server/server.go:140.71,150.3 5 0
github.com/zephrfish/sandboxspy/server/server.go:153.65,154.71 1 0
github.com/zephrfish/sandboxspy/server/server.go:154.71,155.26 1 0
github.com/zephrfish/sandboxspy/server/server.go:155.26,159.58 3 0
github.com/zephrfish/sandboxspy/server/server.go:159.58,160.56 1 0
github.com/zephrfish/sandboxspy/server/server.go:160.56,162.11 2 0
github.com/zephrfish/sandboxspy/server/server.go:166.4,166.15 1 0
github.com/zephrfish/sandboxspy/server/server.go:166.15,170.5 3 0
github.com/zephrfish/sandboxspy/server/server.go:172.4,172.29 1 0
github.com/zephrfish/sandboxspy/server/server.go:172.29,175.5 2 0
github.com/zephrfish/sandboxspy/server/server.go:178.3,178.23 1 0
github.com/zephrfish/sandboxspy/server/server.go:182.70,183.71 1 0
github.com/zephrfish/sandboxspy/server/server.go:183.71,184.25 1 0
github.com/zephrfish/sandboxspy/server/server.go:184.25,187.4 2 0
github.com/zephrfish/sandboxspy/server/server.go:188.3,188.23 1 0
github.com/zephrfish/sandboxspy/server/server.go:192.65,193.71 1 0
github.com/zephrfish/sandboxspy/server/server.go:193.71,195.84 1 0
github.com/zephrfish/sandboxspy/server/server.go:195.84,198.4 2 0
github.com/zephrfish/sandboxspy/server/server.go:200.3,201.19 2 0
github.com/zephrfish/sandboxspy/server/server.go:201.19,203.4 1 0
github.com/zephrfish/sandboxspy/server/server.go:205.3,205.32 1 0
github.com/zephrfish/sandboxspy/server/server.go:205.32,208.4 2 0
github.com/zephrfish/sandboxspy/server/server.go:211.3,213.23 2 0
github.com/zephrfish/sandboxspy/server/server.go:219.78,221.63 2 0
github.com/zephrfish/sandboxspy/server/server.go:221.63,224.3 2 0
github.com/zephrfish/sandboxspy/server/server.go:227.2,233.35 5 0
github.com/zephrfish/sandboxspy/server/server.go:233.35,237.54 3 0
github.com/zephrfish/sandboxspy/server/server.go:237.54,240.4 2 0
github.com/zephrfish/sandboxspy/server/server.go:241.3,241.20 1 0
github.com/zephrfish/sandboxspy/server/server.go:242.8,245.52 2 0
github.com/zephrfish/sandboxspy/server/server.go:245.52,248.4 2 0
github.com/zephrfish/sandboxspy/server/server.go:252.2,252.30 1 0
github.com/zephrfish/sandboxspy/server/server.go:252.30,258.3 1 0
github.com/zephrfish/sandboxspy/server/server.go:260.2,261.34 2 0
github.com/zephrfish/sandboxspy/server/server.go:264.76,269.63 2 0
github.com/zephrfish/sandboxspy/server/server.go:269.63,272.3 2 0
github.com/zephrfish/sandboxspy/server/server.go:274.2,275.38 2 0
github.com/zephrfish/sandboxspy/server/server.go:275.38,281.52 5 0
github.com/zephrfish/sandboxspy/server/server.go:281.52,283.4 1 0
github.com/zephrfish/sandboxspy/server/server.go:287.2,287.30 1 0
github.com/zephrfish/sandboxspy/server/server.go:287.30,296.3 1 0
github.com/zephrfish/sandboxspy/server/server.go:298.2,303.4 2 0
github.com/zephrfish/sandboxspy/server/server.go:306.75,311.16 4 0
github.com/zephrfish/sandboxspy/server/server.go:311.16,314.3 2 0
github.com/zephrfish/sandboxspy/server/server.go:316.2,317.34 2 0
github.com/zephrfish/sandboxspy/server/server.go:320.78,325.63 4 0
github.com/zephrfish/sandboxspy/server/server.go:325.63,328.3 2 0
github.com/zephrfish/sandboxspy/server/server.go:330.2,333.51 3 0
github.com/zephrfish/sandboxspy/server/server.go:333.51,336.3 2 0
github.com/zephrfish/sandboxspy/server/server.go:338.2,339.34 2 0
github.com/zephrfish/sandboxspy/server/server.go:342.78,346.47 3 0
github.com/zephrfish/sandboxspy/server/server.go:346.47,349.3 2 0
github.com/zephrfish/sandboxspy/server/server.go:351.2,351.37 1 0
github.com/zephrfish/sandboxspy/server/server.go:354.71,359.16 4 0
github.com/zephrfish/sandboxspy/server/server.go:359.16,362.3 2 0
github.com/zephrfish/sandboxspy/server/server.go:364.2,365.36 2 0
github.com/zephrfish/sandboxspy/server/server.go:368.78,370.63 2 0
github.com/zephrfish/sandboxspy/server/server.go:370.63,373.3 2 0
github.com/zephrfish/sandboxspy/server/server.go:375.2,376.16 2 0
github.com/zephrfish/sandboxspy/server/server.go:376.16,379.3 2 0
github.com/zephrfish/sandboxspy/server/server.go:381.2,382.36 2 0
github.com/zephrfish/sandboxspy/server/server.go:385.77,387.18 2 0
github.com/zephrfish/sandboxspy/server/server.go:387.18,389.3 1 0
github.com/zephrfish/sandboxspy/server/server.go:391.2,392.16 2 0
github.com/zephrfish/sandboxspy/server/server.go:392.16,395.3 2 0
github.com/zephrfish/sandboxspy/server/server.go:397.2,397.16 1 0
github.com/zephrfish/sandboxspy/server/server.go:398.13,400.36 2 0
github.com/zephrfish/sandboxspy/server/server.go:401.13,403.36 2 0
github.com/zephrfish/sandboxspy/server/server.go:404.10,406.39 2 0
github.com/zephrfish/sandboxspy/server/server.go:410.80,415.16 4 0
github.com/zephrfish/sandboxspy/server/server.go:415.16,418.3 2 0
github.com/zephrfish/sandboxspy/server/server.go:420.2,422.16 2 0
github.com/zephrfish/sandboxspy/server/server.go:423.15,426.34 3 0
github.com/zephrfish/sandboxspy/server/server.go:427.13,430.28 3 0
github.com/zephrfish/sandboxspy/server/server.go:431.10,432.61 1 0
github.com/zephrfish/sandboxspy/server/server.go:436.79,438.16 2 0
github.com/zephrfish/sandboxspy/server/server.go:438.16,441.3 2 0
github.com/zephrfish/sandboxspy/server/server.go:443.2,444.34 2 0
github.com/zephrfish/sandboxspy/server/server.go:447.73,449.16 2 0
github.com/zephrfish/sandboxspy/server/server.go:449.16,452.3 2 0
github.com/zephrfish/sandboxspy/server/server.go:454.2,455.34 2 0
github.com/zephrfish/sandboxspy/server/server.go:458.76,461.16 3 0
github.com/zephrfish/sandboxspy/server/server.go:461.16,464.3 2 0
github.com/zephrfish/sandboxspy/server/server.go:466.2,467.37 2 0
github.com/zephrfish/sandboxspy/server/server.go:470.81,473.16 3 0
github.com/zephrfish/sandboxspy/server/server.go:473.16,476.3 2 0
github.com/zephrfish/sandboxspy/server/server.go:478.2,479.39 2 0
github.com/zephrfish/sandboxspy/server/server.go:482.76,493.2 3 0
github.com/zephrfish/sandboxspy/server/server.go:495.82,497.2 1 0
github.com/zephrfish/sandboxspy/server/server.go:501.74,503.16 2 0
github.com/zephrfish/sandboxspy/server/server.go:503.16,506.3 2 0
github.com/zephrfish/sandboxspy/server/server.go:508.2,518.15 5 0
github.com/zephrfish/sandboxspy/server/server.go:518.15,523.3 4 0
github.com/zephrfish/sandboxspy/server/server.go:526.2,534.6 3 0
github.com/zephrfish/sandboxspy/server/server.go:534.6,537.17 3 0
github.com/zephrfish/sandboxspy/server/server.go:537.17,538.9 1 0
github.com/zephrfish/sandboxspy/server/server.go:542.3,542.28 1 0
github.com/zephrfish/sandboxspy/server/server.go:542.28,547.4 1 0
github.com/zephrfish/sandboxspy/server/server.go:551.41,552.6 1 0
github.com/zephrfish/sandboxspy/server/server.go:552.6,556.36 3 0
github.com/zephrfish/sandboxspy/server/server.go:556.36,558.18 2 0
github.com/zephrfish/sandboxspy/server/server.go:558.18,560.5 1 0
github.com/zephrfish/sandboxspy/server/server.go:562.3,562.25 1 0
github.com/zephrfish/sandboxspy/server/server.go:568.66,572.49 3 0
github.com/zephrfish/sandboxspy/server/server.go:572.49,575.3 2 0
github.com/zephrfish/sandboxspy/server/server.go:575.8,582.3 1 0
github.com/zephrfish/sandboxspy/server/server.go:586.32,598.12 3 0
github.com/zephrfish/sandboxspy/server/server.go:598.12,609.3 8 0
github.com/zephrfish/sandboxspy/server/server.go:611.2,613.53 2 0
github.com/zephrfish/sandboxspy/server/server.go:613.53,615.3 1 0
github.com/zephrfish/sandboxspy/server/server.go:617.2,617.29 1 0
github.com/zephrfish/sandboxspy/server/server.go:626.58,629.2 2 0
github.com/zephrfish/sandboxspy/server/server.go:631.13,633.22 2 0
github.com/zephrfish/sandboxspy/server/server.go:633.22,635.3 1 0
github.com/zephrfish/sandboxspy/server/server.go:637.2,638.16 2 0
github.com/zephrfish/sandboxspy/server/server.go:638.16,640.3 1 0
github.com/zephrfish/sandboxspy/server/server.go:642.2,644.44 2 0
github.com/zephrfish/sandboxspy/server/server.go:644.44,646.3 1 0
github.com/zephrfish/sandboxspy/server/server.go:648.2,648.39 1 0
github.com/zephrfish/sandboxspy/server/server.go:648.39,650.3 1 0
github.com/zephrfish/sandboxspy/server/utils.go:17.63,19.16 2 0
github.com/zephrfish/sandboxspy/server/utils.go:19.16,22.3 1 0
github.com/zephrfish/sandboxspy/server/utils.go:24.2,25.54 2 0
github.com/zephrfish/sandboxspy/server/utils.go:25.54,27.3 1 0
github.com/zephrfish/sandboxspy/server/utils.go:30.2,30.23 1 0
github.com/zephrfish/sandboxspy/server/utils.go:30.23,32.3 1 0
github.com/zephrfish/sandboxspy/server/utils.go:33.2,33.22 1 0
github.com/zephrfish/sandboxspy/server/utils.go:33.22,35.3 1 0
github.com/zephrfish/sandboxspy/server/utils.go:36.2,36.31 1 0
github.com/zephrfish/sandboxspy/server/utils.go:36.31,38.3 1 0
github.com/zephrfish/sandboxspy/server/utils.go:39.2,39.27 1 0
github.com/zephrfish/sandboxspy/server/utils.go:39.27,41.3 1 0
github.com/zephrfish/sandboxspy/server/utils.go:42.2,42.32 1 0
github.com/zephrfish/sandboxspy/server/utils.go:42.32,44.3 1 0
github.com/zephrfish/sandboxspy/server/utils.go:45.2,45.32 1 0
github.com/zephrfish/sandboxspy/server/utils.go:45.32,47.3 1 0
github.com/zephrfish/sandboxspy/server/utils.go:49.2,49.21 1 0
github.com/zephrfish/sandboxspy/server/utils.go:53.45,68.2 1 0
github.com/zephrfish/sandboxspy/server/utils.go:71.30,75.2 3 0
github.com/zephrfish/sandboxspy/server/utils.go:78.51,87.2 3 0
github.com/zephrfish/sandboxspy/server/utils.go:90.32,94.2 3 0
github.com/zephrfish/sandboxspy/server/utils.go:98.71,104.47 5 0
github.com/zephrfish/sandboxspy/server/utils.go:104.47,106.3 1 0
github.com/zephrfish/sandboxspy/server/utils.go:108.2,109.47 2 0
github.com/zephrfish/sandboxspy/server/utils.go:109.47,111.3 1 0
github.com/zephrfish/sandboxspy/server/utils.go:113.2,114.45 2 0
github.com/zephrfish/sandboxspy/server/utils.go:114.45,116.3 1 0
github.com/zephrfish/sandboxspy/server/utils.go:118.2,119.50 2 0
github.com/zephrfish/sandboxspy/server/utils.go:119.50,121.3 1 0
github.com/zephrfish/sandboxspy/server/utils.go:123.2,124.46 2 0
github.com/zephrfish/sandboxspy/server/utils.go:124.46,126.3 1 0
github.com/zephrfish/sandboxspy/server/utils.go:129.71,132.47 2 0
github.com/zephrfish/sandboxspy/server/utils.go:132.47,134.3 1 0
github.com/zephrfish/sandboxspy/server/utils.go:136.2,136.47 1 0
github.com/zephrfish/sandboxspy/server/utils.go:136.47,138.3 1 0
github.com/zephrfish/sandboxspy/server/utils.go:140.2,140.45 1 0
github.com/zephrfish/sandboxspy/server/utils.go:140.45,142.3 1 0
github.com/zephrfish/sandboxspy/server/utils.go:144.2,144.50 1 0
github.com/zephrfish/sandboxspy/server/utils.go:144.50,146.3 1 0
github.com/zephrfish/sandboxspy/server/utils.go:148.2,148.46 1 0
github.com/zephrfish/sandboxspy/server/utils.go:148.46,150.3 1 0
github.com/zephrfish/sandboxspy/server/utils.go:153.69,160.47 5 0
github.com/zephrfish/sandboxspy/server/utils.go:160.47,164.3 2 0
github.com/zephrfish/sandboxspy/server/utils.go:166.2,166.45 1 0
github.com/zephrfish/sandboxspy/server/utils.go:166.45,168.24 2 0
github.com/zephrfish/sandboxspy/server/utils.go:168.24,172.4 2 0
github.com/zephrfish/sandboxspy/server/utils.go:175.2,175.46 1 0
github.com/zephrfish/sandboxspy/server/utils.go:175.46,179.3 2 0
github.com/zephrfish/sandboxspy/server/utils.go:182.63,193.47 3 0
github.com/zephrfish/sandboxspy/server/utils.go:193.47,206.3 2 0
github.com/zephrfish/sandboxspy/server/utils.go:208.2,208.45 1 0
github.com/zephrfish/sandboxspy/server/utils.go:208.45,221.3 2 0
github.com/zephrfish/sandboxspy/server/utils.go:223.2,226.19 3 0
github.com/zephrfish/sandboxspy/server/utils.go:231.54,232.26 1 0
github.com/zephrfish/sandboxspy/server/utils.go:232.26,234.3 1 0
github.com/zephrfish/sandboxspy/server/utils.go:236.2,236.31 1 0
github.com/zephrfish/sandboxspy/server/utils.go:236.31,238.3 1 0
github.com/zephrfish/sandboxspy/server/utils.go:240.2,240.50 1 0
github.com/zephrfish/sandboxspy/server/utils.go:240.50,242.3 1 0
github.com/zephrfish/sandboxspy/server/utils.go:244.2,244.12 1 0
github.com/zephrfish/sandboxspy/server/utils.go:247.41,260.2 2 0
github.com/zephrfish/sandboxspy/server/utils.go:264.81,268.2 3 0
github.com/zephrfish/sandboxspy/server/utils.go:270.80,275.2 1 0
github.com/zephrfish/sandboxspy/pkg/server/server.go:49.51,51.16 2 0
github.com/zephrfish/sandboxspy/pkg/server/server.go:51.16,63.3 1 0
github.com/zephrfish/sandboxspy/pkg/server/server.go:65.2,66.54 2 0
github.com/zephrfish/sandboxspy/pkg/server/server.go:66.54,68.3 1 0
github.com/zephrfish/sandboxspy/pkg/server/server.go:70.2,70.21 1 0
github.com/zephrfish/sandboxspy/pkg/server/server.go:74.57,80.73 1 1
github.com/zephrfish/sandboxspy/pkg/server/server.go:80.73,80.88 1 0
github.com/zephrfish/sandboxspy/pkg/server/server.go:87.37,89.35 1 1
github.com/zephrfish/sandboxspy/pkg/server/server.go:89.35,91.3 1 0
github.com/zephrfish/sandboxspy/pkg/server/server.go:94.2,97.30 2 1
github.com/zephrfish/sandboxspy/pkg/server/server.go:97.30,99.3 1 0
github.com/zephrfish/sandboxspy/pkg/server/server.go:101.2,101.12 1 1
github.com/zephrfish/sandboxspy/pkg/server/server.go:105.33,108.16 3 1
github.com/zephrfish/sandboxspy/pkg/server/server.go:108.16,110.3 1 0
github.com/zephrfish/sandboxspy/pkg/server/server.go:113.2,139.12 3 1
github.com/zephrfish/sandboxspy/pkg/server/server.go:143.32,148.25 4 1
github.com/zephrfish/sandboxspy/pkg/server/server.go:148.25,150.3 1 1
github.com/zephrfish/sandboxspy/pkg/server/server.go:153.2,163.30 9 1
github.com/zephrfish/sandboxspy/pkg/server/server.go:163.30,165.3 1 0
github.com/zephrfish/sandboxspy/pkg/server/server.go:168.2,168.30 1 1
github.com/zephrfish/sandboxspy/pkg/server/server.go:168.30,172.73 2 0
github.com/zephrfish/sandboxspy/pkg/server/server.go:172.73,174.4 1 0
github.com/zephrfish/sandboxspy/pkg/server/server.go:180.68,181.71 1 1
github.com/zephrfish/sandboxspy/pkg/server/server.go:181.71,190.3 3 1
github.com/zephrfish/sandboxspy/pkg/server/server.go:193.65,194.71 1 1
github.com/zephrfish/sandboxspy/pkg/server/server.go:194.71,199.28 4 1
github.com/zephrfish/sandboxspy/pkg/server/server.go:199.28,202.4 2 1
github.com/zephrfish/sandboxspy/pkg/server/server.go:204.3,204.23 1 1
github.com/zephrfish/sandboxspy/pkg/server/server.go:208.70,209.71 1 1
github.com/zephrfish/sandboxspy/pkg/server/server.go:209.71,210.25 1 1
github.com/zephrfish/sandboxspy/pkg/server/server.go:210.25,213.4 2 1
github.com/zephrfish/sandboxspy/pkg/server/server.go:214.3,214.23 1 1
github.com/zephrfish/sandboxspy/pkg/server/server.go:218.65,219.71 1 1
github.com/zephrfish/sandboxspy/pkg/server/server.go:219.71,225.62 1 1
github.com/zephrfish/sandboxspy/pkg/server/server.go:225.62,228.4 2 1
github.com/zephrfish/sandboxspy/pkg/server/server.go:230.3,231.19 2 1
github.com/zephrfish/sandboxspy/pkg/server/server.go:231.19,233.4 1 1
github.com/zephrfish/sandboxspy/pkg/server/server.go:235.3,235.32 1 1
github.com/zephrfish/sandboxspy/pkg/server/server.go:235.32,238.4 2 1
github.com/zephrfish/sandboxspy/pkg/server/server.go:240.3,240.23 1 1
github.com/zephrfish/sandboxspy/pkg/server/server.go:246.71,255.2 3 1
github.com/zephrfish/sandboxspy/pkg/server/server.go:257.78,259.63 2 1
github.com/zephrfish/sandboxspy/pkg/server/server.go:259.63,262.3 2 0
github.com/zephrfish/sandboxspy/pkg/server/server.go:265.2,265.51 1 1
github.com/zephrfish/sandboxspy/pkg/server/server.go:265.51,269.3 3 0
github.com/zephrfish/sandboxspy/pkg/server/server.go:272.2,272.30 1 1
github.com/zephrfish/sandboxspy/pkg/server/server.go:272.30,278.3 1 0
github.com/zephrfish/sandboxspy/pkg/server/server.go:280.2,281.34 2 1
github.com/zephrfish/sandboxspy/pkg/server/server.go:284.76,286.63 2 1
github.com/zephrfish/sandboxspy/pkg/server/server.go:286.63,289.3 2 0
github.com/zephrfish/sandboxspy/pkg/server/server.go:291.2,292.38 2 1
github.com/zephrfish/sandboxspy/pkg/server/server.go:292.38,293.52 1 1
github.com/zephrfish/sandboxspy/pkg/server/server.go:293.52,295.4 1 1
github.com/zephrfish/sandboxspy/pkg/server/server.go:298.2,305.37 3 1
github.com/zephrfish/sandboxspy/pkg/server/server.go:308.71,312.16 3 1
github.com/zephrfish/sandboxspy/pkg/server/server.go:312.16,315.3 2 0
github.com/zephrfish/sandboxspy/pkg/server/server.go:317.2,318.36 2 1
github.com/zephrfish/sandboxspy/pkg/server/server.go:321.77,323.16 2 1
github.com/zephrfish/sandboxspy/pkg/server/server.go:323.16,326.3 2 0
github.com/zephrfish/sandboxspy/pkg/server/server.go:328.2,329.38 2 1
github.com/zephrfish/sandboxspy/pkg/server/server.go:332.80,336.16 3 1
github.com/zephrfish/sandboxspy/pkg/server/server.go:336.16,339.3 2 0
github.com/zephrfish/sandboxspy/pkg/server/server.go:341.2,341.16 1 1
github.com/zephrfish/sandboxspy/pkg/server/server.go:342.13,345.28 3 1
github.com/zephrfish/sandboxspy/pkg/server/server.go:346.13,349.28 3 1
github.com/zephrfish/sandboxspy/pkg/server/server.go:350.10,352.39 2 1
github.com/zephrfish/sandboxspy/pkg/server/server.go:356.73,358.16 2 1
github.com/zephrfish/sandboxspy/pkg/server/server.go:358.16,361.3 2 0
github.com/zephrfish/sandboxspy/pkg/server/server.go:363.2,364.34 2 1
github.com/zephrfish/sandboxspy/pkg/server/server.go:367.74,369.16 2 0
github.com/zephrfish/sandboxspy/pkg/server/server.go:369.16,372.3 2 0
github.com/zephrfish/sandboxspy/pkg/server/server.go:374.2,380.15 5 0
github.com/zephrfish/sandboxspy/pkg/server/server.go:380.15,385.3 4 0
github.com/zephrfish/sandboxspy/pkg/server/server.go:388.2,388.6 1 0
github.com/zephrfish/sandboxspy/pkg/server/server.go:388.6,390.45 2 0
github.com/zephrfish/sandboxspy/pkg/server/server.go:390.45,391.9 1 0
github.com/zephrfish/sandboxspy/pkg/server/server.go:394.3,394.28 1 0
github.com/zephrfish/sandboxspy/pkg/server/server.go:394.28,399.4 1 0
github.com/zephrfish/sandboxspy/pkg/server/server.go:403.41,404.31 1 0
github.com/zephrfish/sandboxspy/pkg/server/server.go:404.31,406.34 2 0
github.com/zephrfish/sandboxspy/pkg/server/server.go:406.34,407.46 1 0
github.com/zephrfish/sandboxspy/pkg/server/server.go:407.46,409.5 1 0
github.com/zephrfish/sandboxspy/pkg/server/server.go:411.3,411.24 1 0
github.com/zephrfish/sandboxspy/pkg/server/server.go:417.69,418.20 1 1
github.com/zephrfish/sandboxspy/pkg/server/server.go:418.20,420.3 1 1
github.com/zephrfish/sandboxspy/pkg/server/server.go:422.2,442.12 8 1
github.com/zephrfish/sandboxspy/pkg/server/server.go:445.79,456.16 4 1
github.com/zephrfish/sandboxspy/pkg/server/server.go:456.16,458.3 1 0
github.com/zephrfish/sandboxspy/pkg/server/server.go:459.2,462.18 3 1
github.com/zephrfish/sandboxspy/pkg/server/server.go:462.18,466.17 3 1
github.com/zephrfish/sandboxspy/pkg/server/server.go:466.17,468.4 1 1
github.com/zephrfish/sandboxspy/pkg/server/server.go:471.2,471.21 1 1
github.com/zephrfish/sandboxspy/pkg/server/server.go:474.60,481.16 3 1
github.com/zephrfish/sandboxspy/pkg/server/server.go:481.16,483.3 1 0
github.com/zephrfish/sandboxspy/pkg/server/server.go:484.2,486.18 2 1
github.com/zephrfish/sandboxspy/pkg/server/server.go:486.18,488.46 2 1
github.com/zephrfish/sandboxspy/pkg/server/server.go:488.46,490.4 1 1
github.com/zephrfish/sandboxspy/pkg/server/server.go:493.2,493.23 1 1
github.com/zephrfish/sandboxspy/pkg/server/server.go:496.66,515.2 11 1
github.com/zephrfish/sandboxspy/pkg/server/server.go:517.80,519.47 2 1
github.com/zephrfish/sandboxspy/pkg/server/server.go:519.47,521.3 1 0
github.com/zephrfish/sandboxspy/pkg/server/server.go:524.80,525.47 1 1
github.com/zephrfish/sandboxspy/pkg/server/server.go:525.47,527.3 1 0
github.com/zephrfish/sandboxspy/pkg/server/server.go:531.51,540.12 4 1
github.com/zephrfish/sandboxspy/pkg/server/server.go:540.12,543.3 2 1
github.com/zephrfish/sandboxspy/pkg/server/server.go:545.2,545.53 1 1
github.com/zephrfish/sandboxspy/pkg/server/server.go:545.53,547.3 1 0
github.com/zephrfish/sandboxspy/pkg/server/server.go:549.2,549.29 1 1
github.com/zephrfish/sandboxspy/pkg/server/server.go:553.54,556.17 2 1
github.com/zephrfish/sandboxspy/pkg/server/server.go:556.17,558.3 1 1
github.com/zephrfish/sandboxspy/pkg/server/server.go:560.2,562.12 2 1
